{"meta": {"format": 3, "version": "7.15.4", "timestamp": "2026-08-09T14:19:40.800483", "branch_coverage": false, "show_contexts": false}, "files": {"src/talktoharnesses/__init__.py": {"executed_lines": [3, 5, 7], "summary": {"covered_lines": 3, "num_statements": 3, "percent_covered": 100.0, "percent_covered_display": "100", "missing_lines": 0, "excluded_lines": 0, "percent_statements_covered": 100.0, "percent_statements_covered_display": "100"}, "missing_lines": [], "excluded_lines": [], "functions": {"": {"executed_lines": [3, 5, 7], "summary": {"covered_lines": 3, "num_statements": 3, "percent_covered": 100.0, "percent_covered_display": "100", "missing_lines": 0, "excluded_lines": 0, "percent_statements_covered": 100.0, "percent_statements_covered_display": "100"}, "missing_lines": [], "excluded_lines": [], "start_line": 1}}, "classes": {"": {"executed_lines": [3, 5, 7], "summary": {"covered_lines": 3, "num_statements": 3, "percent_covered": 100.0, "percent_covered_display": "100", "missing_lines": 0, "excluded_lines": 0, "percent_statements_covered": 100.0, "percent_statements_covered_display": "100"}, "missing_lines": [], "excluded_lines": [], "start_line": 1}}}, "src/talktoharnesses/application/__init__.py": {"executed_lines": [3, 5, 7, 8, 13, 21, 31, 32, 33, 35], "summary": {"covered_lines": 10, "num_statements": 12, "percent_covered": 83.33333333333333, "percent_covered_display": "83", "missing_lines": 2, "excluded_lines": 2, "percent_statements_covered": 83.33333333333333, "percent_statements_covered_display": "83"}, "missing_lines": [36, 37], "excluded_lines": [18, 19], "functions": {"__getattr__": {"executed_lines": [32, 33, 35], "summary": {"covered_lines": 3, "num_statements": 5, "percent_covered": 60.0, "percent_covered_display": "60", "missing_lines": 2, "excluded_lines": 0, "percent_statements_covered": 60.0, "percent_statements_covered_display": "60"}, "missing_lines": [36, 37], "excluded_lines": [], "start_line": 31}, "": {"executed_lines": [3, 5, 7, 8, 13, 21, 31], "summary": {"covered_lines": 7, "num_statements": 7, "percent_covered": 100.0, "percent_covered_display": "100", "missing_lines": 0, "excluded_lines": 2, "percent_statements_covered": 100.0, "percent_statements_covered_display": "100"}, "missing_lines": [], "excluded_lines": [18, 19], "start_line": 1}}, "classes": {"": {"executed_lines": [3, 5, 7, 8, 13, 21, 31, 32, 33, 35], "summary": {"covered_lines": 10, "num_statements": 12, "percent_covered": 83.33333333333333, "percent_covered_display": "83", "missing_lines": 2, "excluded_lines": 2, "percent_statements_covered": 83.33333333333333, "percent_statements_covered_display": "83"}, "missing_lines": [36, 37], "excluded_lines": [18, 19], "start_line": 1}}}, "src/talktoharnesses/application/broker.py": {"executed_lines": [3, 5, 6, 7, 8, 9, 11, 12, 14, 17, 18, 21, 24, 26, 27, 28, 29, 31, 32, 34, 35, 36, 38, 39, 40, 43, 50, 56, 57, 58, 59, 60, 61, 62, 64, 65, 66, 67, 70, 72, 73, 74, 75, 76, 77, 78, 79, 80, 81, 82, 83, 85, 86, 87, 88, 89, 90, 91, 92, 93, 94, 95, 97, 99, 100, 101, 102, 103, 104, 105, 106, 108, 109, 111, 112, 114, 115, 116, 117, 120, 121, 122, 123, 124, 125, 126, 127, 134, 135, 137, 142, 143, 144, 145, 146, 147, 148, 150, 151, 152, 153, 166, 167], "summary": {"covered_lines": 103, "num_statements": 116, "percent_covered": 88.79310344827586, "percent_covered_display": "89", "missing_lines": 13, "excluded_lines": 0, "percent_statements_covered": 88.79310344827586, "percent_statements_covered_display": "89"}, "missing_lines": [33, 129, 133, 136, 154, 157, 161, 162, 163, 164, 165, 168, 169], "excluded_lines": [], "functions": {"_Subscriber.__init__": {"executed_lines": [27, 28, 29], "summary": {"covered_lines": 3, "num_statements": 3, "percent_covered": 100.0, "percent_covered_display": "100", "missing_lines": 0, "excluded_lines": 0, "percent_statements_covered": 100.0, "percent_statements_covered_display": "100"}, "missing_lines": [], "excluded_lines": [], "start_line": 26}, "_Subscriber.wake": {"executed_lines": [32, 34, 35, 36], "summary": {"covered_lines": 4, "num_statements": 5, "percent_covered": 80.0, "percent_covered_display": "80", "missing_lines": 1, "excluded_lines": 0, "percent_statements_covered": 80.0, "percent_statements_covered_display": "80"}, "missing_lines": [33], "excluded_lines": [], "start_line": 31}, "_Subscriber.close": {"executed_lines": [39, 40], "summary": {"covered_lines": 2, "num_statements": 2, "percent_covered": 100.0, "percent_covered_display": "100", "missing_lines": 0, "excluded_lines": 0, "percent_statements_covered": 100.0, "percent_statements_covered_display": "100"}, "missing_lines": [], "excluded_lines": [], "start_line": 38}, "InProcessCommittedEventBroker.__init__": {"executed_lines": [56, 57, 58, 59, 60, 61, 62], "summary": {"covered_lines": 7, "num_statements": 7, "percent_covered": 100.0, "percent_covered_display": "100", "missing_lines": 0, "excluded_lines": 0, "percent_statements_covered": 100.0, "percent_statements_covered_display": "100"}, "missing_lines": [], "excluded_lines": [], "start_line": 50}, "InProcessCommittedEventBroker.start": {"executed_lines": [65, 66, 67, 70], "summary": {"covered_lines": 4, "num_statements": 4, "percent_covered": 100.0, "percent_covered_display": "100", "missing_lines": 0, "excluded_lines": 0, "percent_statements_covered": 100.0, "percent_statements_covered_display": "100"}, "missing_lines": [], "excluded_lines": [], "start_line": 64}, "InProcessCommittedEventBroker.stop": {"executed_lines": [73, 74, 75, 76, 77, 78, 79, 80, 81, 82, 83], "summary": {"covered_lines": 11, "num_statements": 11, "percent_covered": 100.0, "percent_covered_display": "100", "missing_lines": 0, "excluded_lines": 0, "percent_statements_covered": 100.0, "percent_statements_covered_display": "100"}, "missing_lines": [], "excluded_lines": [], "start_line": 72}, "InProcessCommittedEventBroker.publish": {"executed_lines": [86, 87, 88, 89, 90, 91, 92, 93, 94, 95], "summary": {"covered_lines": 10, "num_statements": 10, "percent_covered": 100.0, "percent_covered_display": "100", "missing_lines": 0, "excluded_lines": 0, "percent_statements_covered": 100.0, "percent_statements_covered_display": "100"}, "missing_lines": [], "excluded_lines": [], "start_line": 85}, "InProcessCommittedEventBroker.notify": {"executed_lines": [99, 100, 101, 102, 103, 104, 105, 106], "summary": {"covered_lines": 8, "num_statements": 8, "percent_covered": 100.0, "percent_covered_display": "100", "missing_lines": 0, "excluded_lines": 0, "percent_statements_covered": 100.0, "percent_statements_covered_display": "100"}, "missing_lines": [], "excluded_lines": [], "start_line": 97}, "InProcessCommittedEventBroker.high_water": {"executed_lines": [109], "summary": {"covered_lines": 1, "num_statements": 1, "percent_covered": 100.0, "percent_covered_display": "100", "missing_lines": 0, "excluded_lines": 0, "percent_statements_covered": 100.0, "percent_statements_covered_display": "100"}, "missing_lines": [], "excluded_lines": [], "start_line": 108}, "InProcessCommittedEventBroker.subscribe": {"executed_lines": [112], "summary": {"covered_lines": 1, "num_statements": 1, "percent_covered": 100.0, "percent_covered_display": "100", "missing_lines": 0, "excluded_lines": 0, "percent_statements_covered": 100.0, "percent_statements_covered_display": "100"}, "missing_lines": [], "excluded_lines": [], "start_line": 111}, "InProcessCommittedEventBroker._subscribe": {"executed_lines": [115, 116, 117, 120, 121, 122, 123, 124, 125, 126, 127, 134, 135, 137, 142, 143, 144, 145, 146, 147, 148], "summary": {"covered_lines": 21, "num_statements": 24, "percent_covered": 87.5, "percent_covered_display": "88", "missing_lines": 3, "excluded_lines": 0, "percent_statements_covered": 87.5, "percent_statements_covered_display": "88"}, "missing_lines": [129, 133, 136], "excluded_lines": [], "start_line": 114}, "InProcessCommittedEventBroker._poll_loop": {"executed_lines": [151, 152, 153, 166, 167], "summary": {"covered_lines": 5, "num_statements": 14, "percent_covered": 35.714285714285715, "percent_covered_display": "36", "missing_lines": 9, "excluded_lines": 0, "percent_statements_covered": 35.714285714285715, "percent_statements_covered_display": "36"}, "missing_lines": [154, 157, 161, 162, 163, 164, 165, 168, 169], "excluded_lines": [], "start_line": 150}, "": {"executed_lines": [3, 5, 6, 7, 8, 9, 11, 12, 14, 17, 18, 21, 24, 26, 31, 38, 43, 50, 64, 72, 85, 97, 108, 111, 114, 150], "summary": {"covered_lines": 26, "num_statements": 26, "percent_covered": 100.0, "percent_covered_display": "100", "missing_lines": 0, "excluded_lines": 0, "percent_statements_covered": 100.0, "percent_statements_covered_display": "100"}, "missing_lines": [], "excluded_lines": [], "start_line": 1}}, "classes": {"_Subscriber": {"executed_lines": [27, 28, 29, 32, 34, 35, 36, 39, 40], "summary": {"covered_lines": 9, "num_statements": 10, "percent_covered": 90.0, "percent_covered_display": "90", "missing_lines": 1, "excluded_lines": 0, "percent_statements_covered": 90.0, "percent_statements_covered_display": "90"}, "missing_lines": [33], "excluded_lines": [], "start_line": 21}, "InProcessCommittedEventBroker": {"executed_lines": [56, 57, 58, 59, 60, 61, 62, 65, 66, 67, 70, 73, 74, 75, 76, 77, 78, 79, 80, 81, 82, 83, 86, 87, 88, 89, 90, 91, 92, 93, 94, 95, 99, 100, 101, 102, 103, 104, 105, 106, 109, 112, 115, 116, 117, 120, 121, 122, 123, 124, 125, 126, 127, 134, 135, 137, 142, 143, 144, 145, 146, 147, 148, 151, 152, 153, 166, 167], "summary": {"covered_lines": 68, "num_statements": 80, "percent_covered": 85.0, "percent_covered_display": "85", "missing_lines": 12, "excluded_lines": 0, "percent_statements_covered": 85.0, "percent_statements_covered_display": "85"}, "missing_lines": [129, 133, 136, 154, 157, 161, 162, 163, 164, 165, 168, 169], "excluded_lines": [], "start_line": 43}, "": {"executed_lines": [3, 5, 6, 7, 8, 9, 11, 12, 14, 17, 18, 21, 24, 26, 31, 38, 43, 50, 64, 72, 85, 97, 108, 111, 114, 150], "summary": {"covered_lines": 26, "num_statements": 26, "percent_covered": 100.0, "percent_covered_display": "100", "missing_lines": 0, "excluded_lines": 0, "percent_statements_covered": 100.0, "percent_statements_covered_display": "100"}, "missing_lines": [], "excluded_lines": [], "start_line": 1}}}, "src/talktoharnesses/application/command_processor.py": {"executed_lines": [3, 5, 6, 7, 8, 9, 10, 11, 13, 14, 20, 21, 22, 23, 24, 25, 26, 27, 32, 42, 49, 56, 58, 61, 62, 63, 66, 67, 77, 84, 97, 98, 99, 100, 101, 102, 103, 104, 105, 107, 108, 109, 111, 112, 113, 114, 115, 116, 117, 119, 120, 122, 123, 124, 125, 127, 129, 131, 133, 134, 135, 136, 138, 139, 140, 141, 142, 143, 144, 145, 146, 147, 148, 149, 150, 151, 152, 153, 154, 155, 156, 159, 161, 162, 164, 165, 166, 168, 169, 171, 172, 174, 175, 177, 178, 180, 181, 182, 183, 184, 186, 187, 188, 189, 190, 191, 193, 194, 195, 196, 197, 198, 203, 204, 205, 206, 207, 211, 212, 215, 217, 218, 219, 220, 221, 230, 231, 237, 243, 244, 246, 247, 252, 253, 254, 257, 258, 259, 261, 262, 263, 264, 265, 266, 268, 269, 273, 278, 283, 291, 292, 294, 295, 300, 301, 302, 310, 311, 313, 314, 315, 319, 320, 323, 324, 326, 327, 328, 329, 331, 333, 334, 335, 338, 340, 349, 350, 351, 354, 356, 364, 365, 366, 367, 368, 369, 370, 371, 372, 373, 377, 379, 380, 388, 392, 394, 396, 399, 400, 401, 402, 404, 407, 411, 412, 417, 419, 426, 427, 428, 429, 430, 431, 435, 436, 438, 441, 442, 443, 444, 446, 449, 457, 458, 459, 460, 468, 469, 470, 471, 473, 478, 479, 480, 481, 483, 491, 492, 493, 494, 503, 505, 506, 507, 508, 509, 517, 518, 526, 527, 528, 529, 537, 539, 541, 542, 543, 544, 545, 546, 547, 548, 550, 555, 560, 561, 563, 564, 565, 566, 567, 568, 569, 571, 572, 573, 574, 580, 582, 583, 587, 588, 589, 593, 595, 596, 597, 601, 602, 603, 606, 613, 614, 616, 620, 623, 624, 628, 629, 630, 635, 636, 638, 639, 640, 641, 642, 643, 650, 651, 665, 666, 667, 668, 685, 691, 692, 693, 694, 695, 696, 697, 698, 699, 700, 702, 706, 707, 708, 709, 710, 711, 717, 719, 721, 722, 726, 727, 728, 729, 730, 731, 732, 736, 737, 738, 746, 748, 749, 759, 761, 769, 770, 771, 780, 782, 783, 784, 785, 786, 787, 788, 792, 793, 795, 796, 797, 798, 807, 815, 816, 818, 819, 820, 821, 826, 827, 828, 829, 831, 837, 838, 846, 847, 850, 851, 852, 853, 855, 856, 858, 859, 860, 862, 863, 864, 865, 866, 874, 875, 876, 881, 882, 885, 886, 887, 888, 889, 890, 891, 903, 904, 905, 907, 915, 917, 918, 919, 920, 921, 923, 924, 927, 928, 929, 944, 945, 950, 951, 952, 960, 970, 972, 973, 974, 975, 976, 977, 978, 979, 980, 987, 988, 989, 990, 1010, 1011, 1013, 1020, 1021, 1022, 1024, 1026, 1027, 1028, 1029, 1030, 1032, 1033, 1040, 1047, 1048, 1049, 1050, 1059, 1060, 1061, 1062, 1063, 1070, 1076, 1078, 1079, 1080, 1081], "summary": {"covered_lines": 475, "num_statements": 543, "percent_covered": 87.47697974217311, "percent_covered_display": "87", "missing_lines": 68, "excluded_lines": 9, "percent_statements_covered": 87.47697974217311, "percent_statements_covered_display": "87"}, "missing_lines": [121, 130, 157, 158, 213, 214, 222, 223, 224, 225, 238, 239, 240, 241, 245, 270, 321, 339, 355, 397, 439, 482, 549, 584, 585, 604, 617, 618, 687, 688, 689, 690, 703, 704, 712, 713, 789, 790, 794, 817, 848, 849, 872, 873, 877, 878, 879, 883, 892, 893, 894, 898, 899, 900, 901, 902, 935, 940, 941, 946, 991, 997, 1009, 1031, 1039, 1077, 1082, 1083], "excluded_lines": [68, 69, 70, 71, 72, 73, 74, 75, 76], "functions": {"_NativeDedupeAdapter.import_seen": {"executed_lines": [], "summary": {"covered_lines": 0, "num_statements": 0, "percent_covered": 100.0, "percent_covered_display": "100", "missing_lines": 0, "excluded_lines": 1, "percent_statements_covered": 100.0, "percent_statements_covered_display": "100"}, "missing_lines": [], "excluded_lines": [72], "start_line": 68}, "_NativeDedupeAdapter.export_seen": {"executed_lines": [], "summary": {"covered_lines": 0, "num_statements": 0, "percent_covered": 100.0, "percent_covered_display": "100", "missing_lines": 0, "excluded_lines": 1, "percent_statements_covered": 100.0, "percent_statements_covered_display": "100"}, "missing_lines": [], "excluded_lines": [74], "start_line": 74}, "CommandProcessor.__init__": {"executed_lines": [97, 98, 99, 100, 101, 102, 103, 104, 105, 107, 108, 109, 111, 112, 113, 114, 115, 116, 117], "summary": {"covered_lines": 19, "num_statements": 19, "percent_covered": 100.0, "percent_covered_display": "100", "missing_lines": 0, "excluded_lines": 0, "percent_statements_covered": 100.0, "percent_statements_covered_display": "100"}, "missing_lines": [], "excluded_lines": [], "start_line": 84}, "CommandProcessor.start": {"executed_lines": [120, 122, 123, 124, 125], "summary": {"covered_lines": 5, "num_statements": 6, "percent_covered": 83.33333333333333, "percent_covered_display": "83", "missing_lines": 1, "excluded_lines": 0, "percent_statements_covered": 83.33333333333333, "percent_statements_covered_display": "83"}, "missing_lines": [121], "excluded_lines": [], "start_line": 119}, "CommandProcessor.initialize_worker": {"executed_lines": [129, 131], "summary": {"covered_lines": 2, "num_statements": 3, "percent_covered": 66.66666666666667, "percent_covered_display": "67", "missing_lines": 1, "excluded_lines": 0, "percent_statements_covered": 66.66666666666667, "percent_statements_covered_display": "67"}, "missing_lines": [130], "excluded_lines": [], "start_line": 127}, "CommandProcessor.claim_loop_healthy": {"executed_lines": [135, 136], "summary": {"covered_lines": 2, "num_statements": 2, "percent_covered": 100.0, "percent_covered_display": "100", "missing_lines": 0, "excluded_lines": 0, "percent_statements_covered": 100.0, "percent_statements_covered_display": "100"}, "missing_lines": [], "excluded_lines": [], "start_line": 134}, "CommandProcessor.stop": {"executed_lines": [139, 140, 141, 142, 143, 144, 145, 146, 147, 148, 149, 150, 151, 152, 153, 154, 155, 156, 159], "summary": {"covered_lines": 19, "num_statements": 21, "percent_covered": 90.47619047619048, "percent_covered_display": "90", "missing_lines": 2, "excluded_lines": 0, "percent_statements_covered": 90.47619047619048, "percent_statements_covered_display": "90"}, "missing_lines": [157, 158], "excluded_lines": [], "start_line": 138}, "CommandProcessor.set_claims_enabled": {"executed_lines": [162], "summary": {"covered_lines": 1, "num_statements": 1, "percent_covered": 100.0, "percent_covered_display": "100", "missing_lines": 0, "excluded_lines": 0, "percent_statements_covered": 100.0, "percent_statements_covered_display": "100"}, "missing_lines": [], "excluded_lines": [], "start_line": 161}, "CommandProcessor.begin_shutdown": {"executed_lines": [165, 166], "summary": {"covered_lines": 2, "num_statements": 2, "percent_covered": 100.0, "percent_covered_display": "100", "missing_lines": 0, "excluded_lines": 0, "percent_statements_covered": 100.0, "percent_statements_covered_display": "100"}, "missing_lines": [], "excluded_lines": [], "start_line": 164}, "CommandProcessor.set_fence": {"executed_lines": [169], "summary": {"covered_lines": 1, "num_statements": 1, "percent_covered": 100.0, "percent_covered_display": "100", "missing_lines": 0, "excluded_lines": 0, "percent_statements_covered": 100.0, "percent_statements_covered_display": "100"}, "missing_lines": [], "excluded_lines": [], "start_line": 168}, "CommandProcessor.drop_fence": {"executed_lines": [172], "summary": {"covered_lines": 1, "num_statements": 1, "percent_covered": 100.0, "percent_covered_display": "100", "missing_lines": 0, "excluded_lines": 0, "percent_statements_covered": 100.0, "percent_statements_covered_display": "100"}, "missing_lines": [], "excluded_lines": [], "start_line": 171}, "CommandProcessor.ensure_pump": {"executed_lines": [175], "summary": {"covered_lines": 1, "num_statements": 1, "percent_covered": 100.0, "percent_covered_display": "100", "missing_lines": 0, "excluded_lines": 0, "percent_statements_covered": 100.0, "percent_statements_covered_display": "100"}, "missing_lines": [], "excluded_lines": [], "start_line": 174}, "CommandProcessor.cancel_pump": {"executed_lines": [178], "summary": {"covered_lines": 1, "num_statements": 1, "percent_covered": 100.0, "percent_covered_display": "100", "missing_lines": 0, "excluded_lines": 0, "percent_statements_covered": 100.0, "percent_statements_covered_display": "100"}, "missing_lines": [], "excluded_lines": [], "start_line": 177}, "CommandProcessor._fence_kwargs": {"executed_lines": [181, 182, 183, 184], "summary": {"covered_lines": 4, "num_statements": 4, "percent_covered": 100.0, "percent_covered_display": "100", "missing_lines": 0, "excluded_lines": 0, "percent_statements_covered": 100.0, "percent_statements_covered_display": "100"}, "missing_lines": [], "excluded_lines": [], "start_line": 180}, "CommandProcessor._lock_for": {"executed_lines": [187, 188, 189, 190, 191], "summary": {"covered_lines": 5, "num_statements": 5, "percent_covered": 100.0, "percent_covered_display": "100", "missing_lines": 0, "excluded_lines": 0, "percent_statements_covered": 100.0, "percent_statements_covered_display": "100"}, "missing_lines": [], "excluded_lines": [], "start_line": 186}, "CommandProcessor._claim_loop": {"executed_lines": [194, 195, 196, 197, 198, 203, 204, 205, 206, 207, 211, 212, 215], "summary": {"covered_lines": 13, "num_statements": 15, "percent_covered": 86.66666666666667, "percent_covered_display": "87", "missing_lines": 2, "excluded_lines": 0, "percent_statements_covered": 86.66666666666667, "percent_statements_covered_display": "87"}, "missing_lines": [213, 214], "excluded_lines": [], "start_line": 193}, "CommandProcessor._handle_command": {"executed_lines": [218, 219, 220, 221, 230, 231], "summary": {"covered_lines": 6, "num_statements": 10, "percent_covered": 60.0, "percent_covered_display": "60", "missing_lines": 4, "excluded_lines": 0, "percent_statements_covered": 60.0, "percent_statements_covered_display": "60"}, "missing_lines": [222, 223, 224, 225], "excluded_lines": [], "start_line": 217}, "CommandProcessor._on_stale_owner": {"executed_lines": [], "summary": {"covered_lines": 0, "num_statements": 4, "percent_covered": 0.0, "percent_covered_display": "0", "missing_lines": 4, "excluded_lines": 0, "percent_statements_covered": 0.0, "percent_statements_covered_display": "0"}, "missing_lines": [238, 239, 240, 241], "excluded_lines": [], "start_line": 237}, "CommandProcessor._execute_command": {"executed_lines": [244, 246, 247, 252, 253, 254, 257, 258, 259, 261, 262, 263, 264, 265, 266, 268, 269, 273, 278, 283, 291, 292, 294, 295, 300, 301, 302, 310, 311, 313, 314, 315, 319, 320, 323, 324, 326, 327, 328, 329, 331, 333, 334, 335, 338, 340, 349, 350, 351, 354, 356, 364, 365, 366, 367, 368, 369, 370, 371, 372, 373, 377, 379, 380, 388, 392, 394, 396, 399, 400, 401, 402, 404, 407, 411, 412, 417], "summary": {"covered_lines": 77, "num_statements": 83, "percent_covered": 92.7710843373494, "percent_covered_display": "93", "missing_lines": 6, "excluded_lines": 0, "percent_statements_covered": 92.7710843373494, "percent_statements_covered_display": "93"}, "missing_lines": [245, 270, 321, 339, 355, 397], "excluded_lines": [], "start_line": 243}, "CommandProcessor._execute_answer_delivery": {"executed_lines": [426, 427, 428, 429, 430, 431, 435, 436, 438, 441, 442, 443, 444, 446, 449, 457, 458, 459, 460, 468, 469, 470, 471], "summary": {"covered_lines": 23, "num_statements": 24, "percent_covered": 95.83333333333333, "percent_covered_display": "96", "missing_lines": 1, "excluded_lines": 0, "percent_statements_covered": 95.83333333333333, "percent_statements_covered_display": "96"}, "missing_lines": [439], "excluded_lines": [], "start_line": 419}, "CommandProcessor._mark_answer_outcome_unknown": {"executed_lines": [478, 479, 480, 481, 483, 491, 492, 493, 494], "summary": {"covered_lines": 9, "num_statements": 10, "percent_covered": 90.0, "percent_covered_display": "90", "missing_lines": 1, "excluded_lines": 0, "percent_statements_covered": 90.0, "percent_statements_covered_display": "90"}, "missing_lines": [482], "excluded_lines": [], "start_line": 473}, "CommandProcessor._fallback_failed_steer": {"executed_lines": [505, 506, 507, 508, 509, 517, 518, 526, 527, 528, 529, 537], "summary": {"covered_lines": 12, "num_statements": 12, "percent_covered": 100.0, "percent_covered_display": "100", "missing_lines": 0, "excluded_lines": 0, "percent_statements_covered": 100.0, "percent_statements_covered_display": "100"}, "missing_lines": [], "excluded_lines": [], "start_line": 503}, "CommandProcessor._execute_switch": {"executed_lines": [541, 542, 543, 544, 545, 546, 547, 548, 550, 555, 560, 561, 563, 564, 565, 566, 567, 568, 569, 571, 582, 587, 588, 589, 593, 595, 596, 597, 601, 602, 603, 606, 613, 614, 616, 620, 623, 624, 628, 629, 630, 635, 636, 638, 639, 640, 641, 642, 643, 650, 651, 665, 666, 667, 668, 685, 691, 692, 693, 694, 695, 696, 697, 698, 699, 700, 702, 706, 707, 708, 709, 710, 711, 717], "summary": {"covered_lines": 74, "num_statements": 86, "percent_covered": 86.04651162790698, "percent_covered_display": "86", "missing_lines": 12, "excluded_lines": 0, "percent_statements_covered": 86.04651162790698, "percent_statements_covered_display": "86"}, "missing_lines": [549, 604, 617, 618, 687, 688, 689, 690, 703, 704, 712, 713], "excluded_lines": [], "start_line": 539}, "CommandProcessor._execute_switch.renew_lease": {"executed_lines": [572, 573, 574, 580], "summary": {"covered_lines": 4, "num_statements": 4, "percent_covered": 100.0, "percent_covered_display": "100", "missing_lines": 0, "excluded_lines": 0, "percent_statements_covered": 100.0, "percent_statements_covered_display": "100"}, "missing_lines": [], "excluded_lines": [], "start_line": 571}, "CommandProcessor._execute_switch.stop_on_lost_lease": {"executed_lines": [583], "summary": {"covered_lines": 1, "num_statements": 3, "percent_covered": 33.333333333333336, "percent_covered_display": "33", "missing_lines": 2, "excluded_lines": 0, "percent_statements_covered": 33.333333333333336, "percent_statements_covered_display": "33"}, "missing_lines": [584, 585], "excluded_lines": [], "start_line": 582}, "CommandProcessor._fail_switch": {"executed_lines": [721, 722, 726, 727, 728, 729, 730, 731, 732, 736, 737, 738, 746], "summary": {"covered_lines": 13, "num_statements": 13, "percent_covered": 100.0, "percent_covered_display": "100", "missing_lines": 0, "excluded_lines": 0, "percent_statements_covered": 100.0, "percent_statements_covered_display": "100"}, "missing_lines": [], "excluded_lines": [], "start_line": 719}, "CommandProcessor._settled": {"executed_lines": [749], "summary": {"covered_lines": 1, "num_statements": 1, "percent_covered": 100.0, "percent_covered_display": "100", "missing_lines": 0, "excluded_lines": 0, "percent_statements_covered": 100.0, "percent_statements_covered_display": "100"}, "missing_lines": [], "excluded_lines": [], "start_line": 748}, "CommandProcessor._release_to_accepted": {"executed_lines": [761, 769, 770, 771], "summary": {"covered_lines": 4, "num_statements": 4, "percent_covered": 100.0, "percent_covered_display": "100", "missing_lines": 0, "excluded_lines": 0, "percent_statements_covered": 100.0, "percent_statements_covered_display": "100"}, "missing_lines": [], "excluded_lines": [], "start_line": 759}, "CommandProcessor._quiesce_pump": {"executed_lines": [782, 783, 784, 785, 786, 787, 788], "summary": {"covered_lines": 7, "num_statements": 9, "percent_covered": 77.77777777777777, "percent_covered_display": "78", "missing_lines": 2, "excluded_lines": 0, "percent_statements_covered": 77.77777777777777, "percent_statements_covered_display": "78"}, "missing_lines": [789, 790], "excluded_lines": [], "start_line": 780}, "CommandProcessor._ensure_runtime": {"executed_lines": [793, 795, 796, 797, 798, 807], "summary": {"covered_lines": 6, "num_statements": 7, "percent_covered": 85.71428571428571, "percent_covered_display": "86", "missing_lines": 1, "excluded_lines": 0, "percent_statements_covered": 85.71428571428571, "percent_statements_covered_display": "86"}, "missing_lines": [794], "excluded_lines": [], "start_line": 792}, "CommandProcessor._ensure_pump": {"executed_lines": [816, 818, 819, 820, 821], "summary": {"covered_lines": 5, "num_statements": 6, "percent_covered": 83.33333333333333, "percent_covered_display": "83", "missing_lines": 1, "excluded_lines": 0, "percent_statements_covered": 83.33333333333333, "percent_statements_covered_display": "83"}, "missing_lines": [817], "excluded_lines": [], "start_line": 815}, "CommandProcessor._event_pump": {"executed_lines": [827, 828, 829, 831, 855, 856, 858, 859, 860, 862, 863, 864, 865, 866, 874, 875, 876, 881, 882, 885, 886, 887, 888, 889, 890, 891, 903, 904, 905], "summary": {"covered_lines": 29, "num_statements": 43, "percent_covered": 67.44186046511628, "percent_covered_display": "67", "missing_lines": 14, "excluded_lines": 0, "percent_statements_covered": 67.44186046511628, "percent_statements_covered_display": "67"}, "missing_lines": [872, 873, 877, 878, 879, 883, 892, 893, 894, 898, 899, 900, 901, 902], "excluded_lines": [], "start_line": 826}, "CommandProcessor._event_pump.flush": {"executed_lines": [837, 838, 846, 847, 850, 851, 852, 853], "summary": {"covered_lines": 8, "num_statements": 10, "percent_covered": 80.0, "percent_covered_display": "80", "missing_lines": 2, "excluded_lines": 0, "percent_statements_covered": 80.0, "percent_statements_covered_display": "80"}, "missing_lines": [848, 849], "excluded_lines": [], "start_line": 831}, "CommandProcessor._on_harness_event": {"executed_lines": [915, 917, 918, 919, 920, 921, 923, 924, 927, 928, 929, 944, 945, 950, 951, 952, 960, 970, 972, 973, 974, 975, 976, 977, 978, 979, 980, 987, 988, 989, 990, 1010, 1011, 1013, 1020, 1021, 1022], "summary": {"covered_lines": 37, "num_statements": 44, "percent_covered": 84.0909090909091, "percent_covered_display": "84", "missing_lines": 7, "excluded_lines": 0, "percent_statements_covered": 84.0909090909091, "percent_statements_covered_display": "84"}, "missing_lines": [935, 940, 941, 946, 991, 997, 1009], "excluded_lines": [], "start_line": 907}, "CommandProcessor._wake_queued_submit": {"executed_lines": [1026, 1027, 1028, 1029, 1030, 1032, 1033, 1040, 1047, 1048, 1049, 1050], "summary": {"covered_lines": 12, "num_statements": 14, "percent_covered": 85.71428571428571, "percent_covered_display": "86", "missing_lines": 2, "excluded_lines": 0, "percent_statements_covered": 85.71428571428571, "percent_statements_covered_display": "86"}, "missing_lines": [1031, 1039], "excluded_lines": [], "start_line": 1024}, "CommandProcessor._renew_lease": {"executed_lines": [1060, 1061, 1062, 1063], "summary": {"covered_lines": 4, "num_statements": 4, "percent_covered": 100.0, "percent_covered_display": "100", "missing_lines": 0, "excluded_lines": 0, "percent_statements_covered": 100.0, "percent_statements_covered_display": "100"}, "missing_lines": [], "excluded_lines": [], "start_line": 1059}, "CommandProcessor._safe_publish": {"executed_lines": [1076, 1078, 1079, 1080, 1081], "summary": {"covered_lines": 5, "num_statements": 8, "percent_covered": 62.5, "percent_covered_display": "62", "missing_lines": 3, "excluded_lines": 0, "percent_statements_covered": 62.5, "percent_statements_covered_display": "62"}, "missing_lines": [1077, 1082, 1083], "excluded_lines": [], "start_line": 1070}, "": {"executed_lines": [3, 5, 6, 7, 8, 9, 10, 11, 13, 14, 20, 21, 22, 23, 24, 25, 26, 27, 32, 42, 49, 56, 58, 61, 62, 63, 66, 67, 77, 84, 119, 127, 133, 134, 138, 161, 164, 168, 171, 174, 177, 180, 186, 193, 217, 237, 243, 419, 473, 503, 539, 719, 748, 759, 780, 792, 815, 826, 907, 1024, 1059, 1070], "summary": {"covered_lines": 62, "num_statements": 62, "percent_covered": 100.0, "percent_covered_display": "100", "missing_lines": 0, "excluded_lines": 7, "percent_statements_covered": 100.0, "percent_statements_covered_display": "100"}, "missing_lines": [], "excluded_lines": [68, 69, 70, 71, 73, 75, 76], "start_line": 1}}, "classes": {"_FenceCommitKwargs": {"executed_lines": [], "summary": {"covered_lines": 0, "num_statements": 0, "percent_covered": 100.0, "percent_covered_display": "100", "missing_lines": 0, "excluded_lines": 0, "percent_statements_covered": 100.0, "percent_statements_covered_display": "100"}, "missing_lines": [], "excluded_lines": [], "start_line": 61}, "_NativeDedupeAdapter": {"executed_lines": [], "summary": {"covered_lines": 0, "num_statements": 0, "percent_covered": 100.0, "percent_covered_display": "100", "missing_lines": 0, "excluded_lines": 2, "percent_statements_covered": 100.0, "percent_statements_covered_display": "100"}, "missing_lines": [], "excluded_lines": [72, 74], "start_line": 67}, "CommandProcessor": {"executed_lines": [97, 98, 99, 100, 101, 102, 103, 104, 105, 107, 108, 109, 111, 112, 113, 114, 115, 116, 117, 120, 122, 123, 124, 125, 129, 131, 135, 136, 139, 140, 141, 142, 143, 144, 145, 146, 147, 148, 149, 150, 151, 152, 153, 154, 155, 156, 159, 162, 165, 166, 169, 172, 175, 178, 181, 182, 183, 184, 187, 188, 189, 190, 191, 194, 195, 196, 197, 198, 203, 204, 205, 206, 207, 211, 212, 215, 218, 219, 220, 221, 230, 231, 244, 246, 247, 252, 253, 254, 257, 258, 259, 261, 262, 263, 264, 265, 266, 268, 269, 273, 278, 283, 291, 292, 294, 295, 300, 301, 302, 310, 311, 313, 314, 315, 319, 320, 323, 324, 326, 327, 328, 329, 331, 333, 334, 335, 338, 340, 349, 350, 351, 354, 356, 364, 365, 366, 367, 368, 369, 370, 371, 372, 373, 377, 379, 380, 388, 392, 394, 396, 399, 400, 401, 402, 404, 407, 411, 412, 417, 426, 427, 428, 429, 430, 431, 435, 436, 438, 441, 442, 443, 444, 446, 449, 457, 458, 459, 460, 468, 469, 470, 471, 478, 479, 480, 481, 483, 491, 492, 493, 494, 505, 506, 507, 508, 509, 517, 518, 526, 527, 528, 529, 537, 541, 542, 543, 544, 545, 546, 547, 548, 550, 555, 560, 561, 563, 564, 565, 566, 567, 568, 569, 571, 572, 573, 574, 580, 582, 583, 587, 588, 589, 593, 595, 596, 597, 601, 602, 603, 606, 613, 614, 616, 620, 623, 624, 628, 629, 630, 635, 636, 638, 639, 640, 641, 642, 643, 650, 651, 665, 666, 667, 668, 685, 691, 692, 693, 694, 695, 696, 697, 698, 699, 700, 702, 706, 707, 708, 709, 710, 711, 717, 721, 722, 726, 727, 728, 729, 730, 731, 732, 736, 737, 738, 746, 749, 761, 769, 770, 771, 782, 783, 784, 785, 786, 787, 788, 793, 795, 796, 797, 798, 807, 816, 818, 819, 820, 821, 827, 828, 829, 831, 837, 838, 846, 847, 850, 851, 852, 853, 855, 856, 858, 859, 860, 862, 863, 864, 865, 866, 874, 875, 876, 881, 882, 885, 886, 887, 888, 889, 890, 891, 903, 904, 905, 915, 917, 918, 919, 920, 921, 923, 924, 927, 928, 929, 944, 945, 950, 951, 952, 960, 970, 972, 973, 974, 975, 976, 977, 978, 979, 980, 987, 988, 989, 990, 1010, 1011, 1013, 1020, 1021, 1022, 1026, 1027, 1028, 1029, 1030, 1032, 1033, 1040, 1047, 1048, 1049, 1050, 1060, 1061, 1062, 1063, 1076, 1078, 1079, 1080, 1081], "summary": {"covered_lines": 413, "num_statements": 481, "percent_covered": 85.86278586278586, "percent_covered_display": "86", "missing_lines": 68, "excluded_lines": 0, "percent_statements_covered": 85.86278586278586, "percent_statements_covered_display": "86"}, "missing_lines": [121, 130, 157, 158, 213, 214, 222, 223, 224, 225, 238, 239, 240, 241, 245, 270, 321, 339, 355, 397, 439, 482, 549, 584, 585, 604, 617, 618, 687, 688, 689, 690, 703, 704, 712, 713, 789, 790, 794, 817, 848, 849, 872, 873, 877, 878, 879, 883, 892, 893, 894, 898, 899, 900, 901, 902, 935, 940, 941, 946, 991, 997, 1009, 1031, 1039, 1077, 1082, 1083], "excluded_lines": [], "start_line": 77}, "": {"executed_lines": [3, 5, 6, 7, 8, 9, 10, 11, 13, 14, 20, 21, 22, 23, 24, 25, 26, 27, 32, 42, 49, 56, 58, 61, 62, 63, 66, 67, 77, 84, 119, 127, 133, 134, 138, 161, 164, 168, 171, 174, 177, 180, 186, 193, 217, 237, 243, 419, 473, 503, 539, 719, 748, 759, 780, 792, 815, 826, 907, 1024, 1059, 1070], "summary": {"covered_lines": 62, "num_statements": 62, "percent_covered": 100.0, "percent_covered_display": "100", "missing_lines": 0, "excluded_lines": 7, "percent_statements_covered": 100.0, "percent_statements_covered_display": "100"}, "missing_lines": [], "excluded_lines": [68, 69, 70, 71, 73, 75, 76], "start_line": 1}}}, "src/talktoharnesses/application/cursors.py": {"executed_lines": [3, 5, 6, 7, 8, 9, 11, 12, 13, 15, 16, 19, 21, 22, 23, 24, 29, 32, 34, 35, 36, 39, 41, 43, 44, 45, 46, 47, 48, 49, 51, 52, 53, 54, 56, 57, 60, 63, 71, 72, 73, 76, 78, 80, 81, 82, 83, 86, 88, 89, 90, 91, 92, 93, 100, 102, 103, 104, 105, 106, 107], "summary": {"covered_lines": 61, "num_statements": 72, "percent_covered": 84.72222222222223, "percent_covered_display": "85", "missing_lines": 11, "excluded_lines": 0, "percent_statements_covered": 84.72222222222223, "percent_statements_covered_display": "85"}, "missing_lines": [42, 50, 55, 58, 59, 79, 84, 85, 87, 99, 101], "excluded_lines": [], "functions": {"clamp_page_limit": {"executed_lines": [21, 22, 23, 24, 29], "summary": {"covered_lines": 5, "num_statements": 5, "percent_covered": 100.0, "percent_covered_display": "100", "missing_lines": 0, "excluded_lines": 0, "percent_statements_covered": 100.0, "percent_statements_covered_display": "100"}, "missing_lines": [], "excluded_lines": [], "start_line": 19}, "encode_cursor": {"executed_lines": [34, 35, 36], "summary": {"covered_lines": 3, "num_statements": 3, "percent_covered": 100.0, "percent_covered_display": "100", "missing_lines": 0, "excluded_lines": 0, "percent_statements_covered": 100.0, "percent_statements_covered_display": "100"}, "missing_lines": [], "excluded_lines": [], "start_line": 32}, "decode_cursor": {"executed_lines": [41, 43, 44, 45, 46, 47, 48, 49, 51, 52, 53, 54, 56, 57, 60], "summary": {"covered_lines": 15, "num_statements": 20, "percent_covered": 75.0, "percent_covered_display": "75", "missing_lines": 5, "excluded_lines": 0, "percent_statements_covered": 75.0, "percent_statements_covered_display": "75"}, "missing_lines": [42, 50, 55, 58, 59], "excluded_lines": [], "start_line": 39}, "encode_search_cursor": {"executed_lines": [71, 72, 73], "summary": {"covered_lines": 3, "num_statements": 3, "percent_covered": 100.0, "percent_covered_display": "100", "missing_lines": 0, "excluded_lines": 0, "percent_statements_covered": 100.0, "percent_statements_covered_display": "100"}, "missing_lines": [], "excluded_lines": [], "start_line": 63}, "decode_search_cursor": {"executed_lines": [78, 80, 81, 82, 83, 86, 88, 89, 90, 91, 92, 93, 100, 102, 103, 104, 105, 106, 107], "summary": {"covered_lines": 19, "num_statements": 25, "percent_covered": 76.0, "percent_covered_display": "76", "missing_lines": 6, "excluded_lines": 0, "percent_statements_covered": 76.0, "percent_statements_covered_display": "76"}, "missing_lines": [79, 84, 85, 87, 99, 101], "excluded_lines": [], "start_line": 76}, "": {"executed_lines": [3, 5, 6, 7, 8, 9, 11, 12, 13, 15, 16, 19, 32, 39, 63, 76], "summary": {"covered_lines": 16, "num_statements": 16, "percent_covered": 100.0, "percent_covered_display": "100", "missing_lines": 0, "excluded_lines": 0, "percent_statements_covered": 100.0, "percent_statements_covered_display": "100"}, "missing_lines": [], "excluded_lines": [], "start_line": 1}}, "classes": {"": {"executed_lines": [3, 5, 6, 7, 8, 9, 11, 12, 13, 15, 16, 19, 21, 22, 23, 24, 29, 32, 34, 35, 36, 39, 41, 43, 44, 45, 46, 47, 48, 49, 51, 52, 53, 54, 56, 57, 60, 63, 71, 72, 73, 76, 78, 80, 81, 82, 83, 86, 88, 89, 90, 91, 92, 93, 100, 102, 103, 104, 105, 106, 107], "summary": {"covered_lines": 61, "num_statements": 72, "percent_covered": 84.72222222222223, "percent_covered_display": "85", "missing_lines": 11, "excluded_lines": 0, "percent_statements_covered": 84.72222222222223, "percent_statements_covered_display": "85"}, "missing_lines": [42, 50, 55, 58, 59, 79, 84, 85, 87, 99, 101], "excluded_lines": [], "start_line": 1}}}, "src/talktoharnesses/application/delta_batcher.py": {"executed_lines": [3, 5, 6, 7, 8, 9, 10, 12, 13, 14, 16, 18, 24, 25, 26, 27, 28, 29, 32, 35, 43, 44, 45, 46, 47, 48, 49, 50, 52, 53, 54, 56, 70, 71, 73, 74, 75, 76, 77, 78, 79, 80, 81, 82, 84, 85, 86, 88, 95, 103, 104, 105, 108, 109, 111, 112, 113, 114, 116, 117, 118, 119, 120, 121, 122], "summary": {"covered_lines": 65, "num_statements": 79, "percent_covered": 82.27848101265823, "percent_covered_display": "82", "missing_lines": 14, "excluded_lines": 0, "percent_statements_covered": 82.27848101265823, "percent_statements_covered_display": "82"}, "missing_lines": [72, 89, 90, 91, 92, 93, 97, 98, 99, 100, 101, 106, 107, 115], "excluded_lines": [], "functions": {"DeltaBatcher.__init__": {"executed_lines": [43, 44, 45, 46, 47, 48, 49, 50], "summary": {"covered_lines": 8, "num_statements": 8, "percent_covered": 100.0, "percent_covered_display": "100", "missing_lines": 0, "excluded_lines": 0, "percent_statements_covered": 100.0, "percent_statements_covered_display": "100"}, "missing_lines": [], "excluded_lines": [], "start_line": 35}, "DeltaBatcher.state": {"executed_lines": [54], "summary": {"covered_lines": 1, "num_statements": 1, "percent_covered": 100.0, "percent_covered_display": "100", "missing_lines": 0, "excluded_lines": 0, "percent_statements_covered": 100.0, "percent_statements_covered_display": "100"}, "missing_lines": [], "excluded_lines": [], "start_line": 53}, "DeltaBatcher.add": {"executed_lines": [70, 71, 73, 74, 75, 76, 77, 78, 79, 80, 81, 82], "summary": {"covered_lines": 12, "num_statements": 13, "percent_covered": 92.3076923076923, "percent_covered_display": "92", "missing_lines": 1, "excluded_lines": 0, "percent_statements_covered": 92.3076923076923, "percent_statements_covered_display": "92"}, "missing_lines": [72], "excluded_lines": [], "start_line": 56}, "DeltaBatcher.flush": {"executed_lines": [85, 86], "summary": {"covered_lines": 2, "num_statements": 2, "percent_covered": 100.0, "percent_covered_display": "100", "missing_lines": 0, "excluded_lines": 0, "percent_statements_covered": 100.0, "percent_statements_covered_display": "100"}, "missing_lines": [], "excluded_lines": [], "start_line": 84}, "DeltaBatcher.close": {"executed_lines": [], "summary": {"covered_lines": 0, "num_statements": 5, "percent_covered": 0.0, "percent_covered_display": "0", "missing_lines": 5, "excluded_lines": 0, "percent_statements_covered": 0.0, "percent_statements_covered_display": "0"}, "missing_lines": [89, 90, 91, 92, 93], "excluded_lines": [], "start_line": 88}, "DeltaBatcher.discard": {"executed_lines": [], "summary": {"covered_lines": 0, "num_statements": 5, "percent_covered": 0.0, "percent_covered_display": "0", "missing_lines": 5, "excluded_lines": 0, "percent_statements_covered": 0.0, "percent_statements_covered_display": "0"}, "missing_lines": [97, 98, 99, 100, 101], "excluded_lines": [], "start_line": 95}, "DeltaBatcher._delayed_flush": {"executed_lines": [104, 105, 108, 109], "summary": {"covered_lines": 4, "num_statements": 6, "percent_covered": 66.66666666666667, "percent_covered_display": "67", "missing_lines": 2, "excluded_lines": 0, "percent_statements_covered": 66.66666666666667, "percent_statements_covered_display": "67"}, "missing_lines": [106, 107], "excluded_lines": [], "start_line": 103}, "DeltaBatcher._do_flush": {"executed_lines": [112, 113, 114, 116, 117, 118, 119, 120, 121, 122], "summary": {"covered_lines": 10, "num_statements": 11, "percent_covered": 90.9090909090909, "percent_covered_display": "91", "missing_lines": 1, "excluded_lines": 0, "percent_statements_covered": 90.9090909090909, "percent_statements_covered_display": "91"}, "missing_lines": [115], "excluded_lines": [], "start_line": 111}, "": {"executed_lines": [3, 5, 6, 7, 8, 9, 10, 12, 13, 14, 16, 18, 24, 25, 26, 27, 28, 29, 32, 35, 52, 53, 56, 84, 88, 95, 103, 111], "summary": {"covered_lines": 28, "num_statements": 28, "percent_covered": 100.0, "percent_covered_display": "100", "missing_lines": 0, "excluded_lines": 0, "percent_statements_covered": 100.0, "percent_statements_covered_display": "100"}, "missing_lines": [], "excluded_lines": [], "start_line": 1}}, "classes": {"_Pending": {"executed_lines": [], "summary": {"covered_lines": 0, "num_statements": 0, "percent_covered": 100.0, "percent_covered_display": "100", "missing_lines": 0, "excluded_lines": 0, "percent_statements_covered": 100.0, "percent_statements_covered_display": "100"}, "missing_lines": [], "excluded_lines": [], "start_line": 25}, "DeltaBatcher": {"executed_lines": [43, 44, 45, 46, 47, 48, 49, 50, 54, 70, 71, 73, 74, 75, 76, 77, 78, 79, 80, 81, 82, 85, 86, 104, 105, 108, 109, 112, 113, 114, 116, 117, 118, 119, 120, 121, 122], "summary": {"covered_lines": 37, "num_statements": 51, "percent_covered": 72.54901960784314, "percent_covered_display": "73", "missing_lines": 14, "excluded_lines": 0, "percent_statements_covered": 72.54901960784314, "percent_statements_covered_display": "73"}, "missing_lines": [72, 89, 90, 91, 92, 93, 97, 98, 99, 100, 101, 106, 107, 115], "excluded_lines": [], "start_line": 32}, "": {"executed_lines": [3, 5, 6, 7, 8, 9, 10, 12, 13, 14, 16, 18, 24, 25, 26, 27, 28, 29, 32, 35, 52, 53, 56, 84, 88, 95, 103, 111], "summary": {"covered_lines": 28, "num_statements": 28, "percent_covered": 100.0, "percent_covered_display": "100", "missing_lines": 0, "excluded_lines": 0, "percent_statements_covered": 100.0, "percent_statements_covered_display": "100"}, "missing_lines": [], "excluded_lines": [], "start_line": 1}}}, "src/talktoharnesses/application/event_dispatcher.py": {"executed_lines": [3, 5, 6, 8, 9, 10, 35, 36, 50, 51, 53, 61, 62, 63, 64, 67, 76, 77, 83, 87, 99, 100, 106, 107, 109, 110, 111, 112, 114, 124, 135, 155, 156, 166, 172, 173, 175, 181, 182, 183, 186, 192, 193, 195, 201, 202, 203, 206, 221, 225, 226, 227, 228, 230, 234, 235], "summary": {"covered_lines": 56, "num_statements": 72, "percent_covered": 77.77777777777777, "percent_covered_display": "78", "missing_lines": 16, "excluded_lines": 0, "percent_statements_covered": 77.77777777777777, "percent_statements_covered_display": "78"}, "missing_lines": [84, 85, 88, 96, 97, 115, 121, 122, 125, 131, 132, 160, 174, 194, 213, 229], "excluded_lines": [], "functions": {"DispatchResult.__init__": {"executed_lines": [61, 62, 63, 64], "summary": {"covered_lines": 4, "num_statements": 4, "percent_covered": 100.0, "percent_covered_display": "100", "missing_lines": 0, "excluded_lines": 0, "percent_statements_covered": 100.0, "percent_statements_covered_display": "100"}, "missing_lines": [], "excluded_lines": [], "start_line": 53}, "dispatch_harness_event": {"executed_lines": [76, 77, 83, 87, 99, 100, 106, 107, 109, 110, 111, 112, 114, 124, 135, 155, 156], "summary": {"covered_lines": 17, "num_statements": 29, "percent_covered": 58.62068965517241, "percent_covered_display": "59", "missing_lines": 12, "excluded_lines": 0, "percent_statements_covered": 58.62068965517241, "percent_statements_covered_display": "59"}, "missing_lines": [84, 85, 88, 96, 97, 115, 121, 122, 125, 131, 132, 160], "excluded_lines": [], "start_line": 67}, "mark_command_delivery_started": {"executed_lines": [172, 173, 175, 181, 182, 183], "summary": {"covered_lines": 6, "num_statements": 7, "percent_covered": 85.71428571428571, "percent_covered_display": "86", "missing_lines": 1, "excluded_lines": 0, "percent_statements_covered": 85.71428571428571, "percent_statements_covered_display": "86"}, "missing_lines": [174], "excluded_lines": [], "start_line": 166}, "mark_command_delivered": {"executed_lines": [192, 193, 195, 201, 202, 203], "summary": {"covered_lines": 6, "num_statements": 7, "percent_covered": 85.71428571428571, "percent_covered_display": "86", "missing_lines": 1, "excluded_lines": 0, "percent_statements_covered": 85.71428571428571, "percent_statements_covered_display": "86"}, "missing_lines": [194], "excluded_lines": [], "start_line": 186}, "apply_outcome_unknown": {"executed_lines": [], "summary": {"covered_lines": 0, "num_statements": 1, "percent_covered": 0.0, "percent_covered_display": "0", "missing_lines": 1, "excluded_lines": 0, "percent_statements_covered": 0.0, "percent_statements_covered_display": "0"}, "missing_lines": [213], "excluded_lines": [], "start_line": 206}, "_settled_commands": {"executed_lines": [225, 226, 227, 228, 230, 234, 235], "summary": {"covered_lines": 7, "num_statements": 8, "percent_covered": 87.5, "percent_covered_display": "88", "missing_lines": 1, "excluded_lines": 0, "percent_statements_covered": 87.5, "percent_statements_covered_display": "88"}, "missing_lines": [229], "excluded_lines": [], "start_line": 221}, "": {"executed_lines": [3, 5, 6, 8, 9, 10, 35, 36, 50, 51, 53, 67, 166, 186, 206, 221], "summary": {"covered_lines": 16, "num_statements": 16, "percent_covered": 100.0, "percent_covered_display": "100", "missing_lines": 0, "excluded_lines": 0, "percent_statements_covered": 100.0, "percent_statements_covered_display": "100"}, "missing_lines": [], "excluded_lines": [], "start_line": 1}}, "classes": {"DispatchResult": {"executed_lines": [61, 62, 63, 64], "summary": {"covered_lines": 4, "num_statements": 4, "percent_covered": 100.0, "percent_covered_display": "100", "missing_lines": 0, "excluded_lines": 0, "percent_statements_covered": 100.0, "percent_statements_covered_display": "100"}, "missing_lines": [], "excluded_lines": [], "start_line": 50}, "": {"executed_lines": [3, 5, 6, 8, 9, 10, 35, 36, 50, 51, 53, 67, 76, 77, 83, 87, 99, 100, 106, 107, 109, 110, 111, 112, 114, 124, 135, 155, 156, 166, 172, 173, 175, 181, 182, 183, 186, 192, 193, 195, 201, 202, 203, 206, 221, 225, 226, 227, 228, 230, 234, 235], "summary": {"covered_lines": 52, "num_statements": 68, "percent_covered": 76.47058823529412, "percent_covered_display": "76", "missing_lines": 16, "excluded_lines": 0, "percent_statements_covered": 76.47058823529412, "percent_statements_covered_display": "76"}, "missing_lines": [84, 85, 88, 96, 97, 115, 121, 122, 125, 131, 132, 160, 174, 194, 213, 229], "excluded_lines": [], "start_line": 1}}}, "src/talktoharnesses/application/faults.py": {"executed_lines": [7, 9, 10, 13, 14, 15, 16, 17, 18, 19, 20, 21, 22, 23, 26, 29, 31, 32, 33], "summary": {"covered_lines": 19, "num_statements": 19, "percent_covered": 100.0, "percent_covered_display": "100", "missing_lines": 0, "excluded_lines": 0, "percent_statements_covered": 100.0, "percent_statements_covered_display": "100"}, "missing_lines": [], "excluded_lines": [], "functions": {"checkpoint": {"executed_lines": [31, 32, 33], "summary": {"covered_lines": 3, "num_statements": 3, "percent_covered": 100.0, "percent_covered_display": "100", "missing_lines": 0, "excluded_lines": 0, "percent_statements_covered": 100.0, "percent_statements_covered_display": "100"}, "missing_lines": [], "excluded_lines": [], "start_line": 29}, "": {"executed_lines": [7, 9, 10, 13, 14, 15, 16, 17, 18, 19, 20, 21, 22, 23, 26, 29], "summary": {"covered_lines": 16, "num_statements": 16, "percent_covered": 100.0, "percent_covered_display": "100", "missing_lines": 0, "excluded_lines": 0, "percent_statements_covered": 100.0, "percent_statements_covered_display": "100"}, "missing_lines": [], "excluded_lines": [], "start_line": 1}}, "classes": {"FaultPoint": {"executed_lines": [], "summary": {"covered_lines": 0, "num_statements": 0, "percent_covered": 100.0, "percent_covered_display": "100", "missing_lines": 0, "excluded_lines": 0, "percent_statements_covered": 100.0, "percent_statements_covered_display": "100"}, "missing_lines": [], "excluded_lines": [], "start_line": 13}, "": {"executed_lines": [7, 9, 10, 13, 14, 15, 16, 17, 18, 19, 20, 21, 22, 23, 26, 29, 31, 32, 33], "summary": {"covered_lines": 19, "num_statements": 19, "percent_covered": 100.0, "percent_covered_display": "100", "missing_lines": 0, "excluded_lines": 0, "percent_statements_covered": 100.0, "percent_statements_covered_display": "100"}, "missing_lines": [], "excluded_lines": [], "start_line": 1}}}, "src/talktoharnesses/application/handoff.py": {"executed_lines": [10, 12, 13, 14, 16, 18, 19, 22, 25, 27, 28, 29, 30, 31, 32, 33, 34, 37, 40, 42, 43, 44, 45, 46, 47, 48, 49, 50, 51, 52, 55, 58, 61, 63, 66, 68, 71, 72, 73, 76, 77, 78, 80, 81, 82, 84, 85, 86, 89, 95, 96, 97, 98, 99, 101, 102], "summary": {"covered_lines": 56, "num_statements": 58, "percent_covered": 96.55172413793103, "percent_covered_display": "97", "missing_lines": 2, "excluded_lines": 0, "percent_statements_covered": 96.55172413793103, "percent_statements_covered_display": "97"}, "missing_lines": [79, 83], "excluded_lines": [], "functions": {"handoff_sort_key": {"executed_lines": [68], "summary": {"covered_lines": 1, "num_statements": 1, "percent_covered": 100.0, "percent_covered_display": "100", "missing_lines": 0, "excluded_lines": 0, "percent_statements_covered": 100.0, "percent_statements_covered_display": "100"}, "missing_lines": [], "excluded_lines": [], "start_line": 66}, "_render_message": {"executed_lines": [72, 73], "summary": {"covered_lines": 2, "num_statements": 2, "percent_covered": 100.0, "percent_covered_display": "100", "missing_lines": 0, "excluded_lines": 0, "percent_statements_covered": 100.0, "percent_statements_covered_display": "100"}, "missing_lines": [], "excluded_lines": [], "start_line": 71}, "_render_tool": {"executed_lines": [77, 78, 80, 81, 82, 84, 85, 86], "summary": {"covered_lines": 8, "num_statements": 10, "percent_covered": 80.0, "percent_covered_display": "80", "missing_lines": 2, "excluded_lines": 0, "percent_statements_covered": 80.0, "percent_statements_covered_display": "80"}, "missing_lines": [79, 83], "excluded_lines": [], "start_line": 76}, "render_handoff": {"executed_lines": [95, 96, 97, 98, 99, 101, 102], "summary": {"covered_lines": 7, "num_statements": 7, "percent_covered": 100.0, "percent_covered_display": "100", "missing_lines": 0, "excluded_lines": 0, "percent_statements_covered": 100.0, "percent_statements_covered_display": "100"}, "missing_lines": [], "excluded_lines": [], "start_line": 89}, "": {"executed_lines": [10, 12, 13, 14, 16, 18, 19, 22, 25, 27, 28, 29, 30, 31, 32, 33, 34, 37, 40, 42, 43, 44, 45, 46, 47, 48, 49, 50, 51, 52, 55, 58, 61, 63, 66, 71, 76, 89], "summary": {"covered_lines": 38, "num_statements": 38, "percent_covered": 100.0, "percent_covered_display": "100", "missing_lines": 0, "excluded_lines": 0, "percent_statements_covered": 100.0, "percent_statements_covered_display": "100"}, "missing_lines": [], "excluded_lines": [], "start_line": 1}}, "classes": {"HandoffMessage": {"executed_lines": [], "summary": {"covered_lines": 0, "num_statements": 0, "percent_covered": 100.0, "percent_covered_display": "100", "missing_lines": 0, "excluded_lines": 0, "percent_statements_covered": 100.0, "percent_statements_covered_display": "100"}, "missing_lines": [], "excluded_lines": [], "start_line": 22}, "HandoffTool": {"executed_lines": [], "summary": {"covered_lines": 0, "num_statements": 0, "percent_covered": 100.0, "percent_covered_display": "100", "missing_lines": 0, "excluded_lines": 0, "percent_statements_covered": 100.0, "percent_statements_covered_display": "100"}, "missing_lines": [], "excluded_lines": [], "start_line": 37}, "HandoffDocument": {"executed_lines": [], "summary": {"covered_lines": 0, "num_statements": 0, "percent_covered": 100.0, "percent_covered_display": "100", "missing_lines": 0, "excluded_lines": 0, "percent_statements_covered": 100.0, "percent_statements_covered_display": "100"}, "missing_lines": [], "excluded_lines": [], "start_line": 58}, "": {"executed_lines": [10, 12, 13, 14, 16, 18, 19, 22, 25, 27, 28, 29, 30, 31, 32, 33, 34, 37, 40, 42, 43, 44, 45, 46, 47, 48, 49, 50, 51, 52, 55, 58, 61, 63, 66, 68, 71, 72, 73, 76, 77, 78, 80, 81, 82, 84, 85, 86, 89, 95, 96, 97, 98, 99, 101, 102], "summary": {"covered_lines": 56, "num_statements": 58, "percent_covered": 96.55172413793103, "percent_covered_display": "97", "missing_lines": 2, "excluded_lines": 0, "percent_statements_covered": 96.55172413793103, "percent_statements_covered_display": "97"}, "missing_lines": [79, 83], "excluded_lines": [], "start_line": 1}}}, "src/talktoharnesses/application/interaction_broker.py": {"executed_lines": [7, 9, 10, 11, 12, 13, 15, 16, 17, 18, 24, 31, 32, 42, 49, 52, 53, 63, 66, 73, 74, 75, 77, 87, 88, 89, 90, 96, 99, 100, 101, 102, 103, 104, 105, 106, 108, 112, 123, 124, 125, 126, 127, 128, 129, 136, 144, 145, 147, 153, 160, 161, 162, 163, 173, 184, 185, 188, 189, 190, 191, 192, 193, 194, 196, 197, 202, 203, 209, 211, 216, 222, 232, 233, 234, 246, 249, 250, 251, 253, 261, 269, 270, 271, 272, 273, 274, 275, 276, 281, 283, 284, 297, 298, 301, 306, 308, 309, 310, 311, 312, 313, 315, 316, 324, 325, 326, 327, 328, 329, 330, 335, 336, 344, 352, 353, 354, 356, 359, 360, 373, 374, 375, 376, 377, 386, 393, 397, 398, 399, 401, 402, 406, 408, 409, 410, 411, 412, 414, 425, 426, 428, 429, 430, 431, 441, 442, 443, 444, 454, 456, 457, 458, 459, 464, 465, 467, 468, 474, 479, 480, 481, 482, 483, 490, 495], "summary": {"covered_lines": 166, "num_statements": 192, "percent_covered": 86.45833333333333, "percent_covered_display": "86", "missing_lines": 26, "excluded_lines": 0, "percent_statements_covered": 86.45833333333333, "percent_statements_covered_display": "86"}, "missing_lines": [94, 95, 146, 186, 198, 207, 208, 223, 224, 225, 226, 227, 252, 282, 314, 317, 318, 334, 337, 338, 355, 357, 427, 475, 491, 496], "excluded_lines": [], "functions": {"_command_projection": {"executed_lines": [53], "summary": {"covered_lines": 1, "num_statements": 1, "percent_covered": 100.0, "percent_covered_display": "100", "missing_lines": 0, "excluded_lines": 0, "percent_statements_covered": 100.0, "percent_statements_covered_display": "100"}, "missing_lines": [], "excluded_lines": [], "start_line": 52}, "InteractionBroker.__init__": {"executed_lines": [73, 74, 75], "summary": {"covered_lines": 3, "num_statements": 3, "percent_covered": 100.0, "percent_covered_display": "100", "missing_lines": 0, "excluded_lines": 0, "percent_statements_covered": 100.0, "percent_statements_covered_display": "100"}, "missing_lines": [], "excluded_lines": [], "start_line": 66}, "InteractionBroker.accept_request": {"executed_lines": [87, 88, 89, 90, 96, 99, 100, 101, 102, 103, 104, 105, 106, 108, 112, 123, 124, 125, 126, 127, 128, 129], "summary": {"covered_lines": 22, "num_statements": 24, "percent_covered": 91.66666666666667, "percent_covered_display": "92", "missing_lines": 2, "excluded_lines": 0, "percent_statements_covered": 91.66666666666667, "percent_statements_covered_display": "92"}, "missing_lines": [94, 95], "excluded_lines": [], "start_line": 77}, "InteractionBroker.update_draft": {"executed_lines": [144, 145, 147, 153, 160, 161, 162, 163], "summary": {"covered_lines": 8, "num_statements": 9, "percent_covered": 88.88888888888889, "percent_covered_display": "89", "missing_lines": 1, "excluded_lines": 0, "percent_statements_covered": 88.88888888888889, "percent_statements_covered_display": "89"}, "missing_lines": [146], "excluded_lines": [], "start_line": 136}, "InteractionBroker.resolve_manual": {"executed_lines": [184, 185, 188, 189, 190, 191, 192, 193, 194, 196, 197, 202, 203, 209, 211, 216, 222, 232, 233, 234, 246, 249, 250, 251, 253], "summary": {"covered_lines": 25, "num_statements": 35, "percent_covered": 71.42857142857143, "percent_covered_display": "71", "missing_lines": 10, "excluded_lines": 0, "percent_statements_covered": 71.42857142857143, "percent_statements_covered_display": "71"}, "missing_lines": [186, 198, 207, 208, 223, 224, 225, 226, 227, 252], "excluded_lines": [], "start_line": 173}, "InteractionBroker.cancel_open_for_interrupt": {"executed_lines": [269, 270, 271, 272, 273, 274, 275, 276, 281, 283, 284, 297, 298, 301], "summary": {"covered_lines": 14, "num_statements": 15, "percent_covered": 93.33333333333333, "percent_covered_display": "93", "missing_lines": 1, "excluded_lines": 0, "percent_statements_covered": 93.33333333333333, "percent_statements_covered_display": "93"}, "missing_lines": [282], "excluded_lines": [], "start_line": 261}, "InteractionBroker.reconcile_on_startup": {"executed_lines": [308, 309, 310, 311, 312, 313, 315, 316, 324, 325, 326, 327, 328, 329, 330, 335, 336], "summary": {"covered_lines": 17, "num_statements": 23, "percent_covered": 73.91304347826087, "percent_covered_display": "74", "missing_lines": 6, "excluded_lines": 0, "percent_statements_covered": 73.91304347826087, "percent_statements_covered_display": "74"}, "missing_lines": [314, 317, 318, 334, 337, 338], "excluded_lines": [], "start_line": 306}, "InteractionBroker._evaluate_policy": {"executed_lines": [352, 353, 354, 356, 359, 360, 373, 374, 375, 376, 377], "summary": {"covered_lines": 11, "num_statements": 13, "percent_covered": 84.61538461538461, "percent_covered_display": "85", "missing_lines": 2, "excluded_lines": 0, "percent_statements_covered": 84.61538461538461, "percent_statements_covered_display": "85"}, "missing_lines": [355, 357], "excluded_lines": [], "start_line": 344}, "InteractionBroker._publish_resolution": {"executed_lines": [393, 397, 398, 399], "summary": {"covered_lines": 4, "num_statements": 4, "percent_covered": 100.0, "percent_covered_display": "100", "missing_lines": 0, "excluded_lines": 0, "percent_statements_covered": 100.0, "percent_statements_covered_display": "100"}, "missing_lines": [], "excluded_lines": [], "start_line": 386}, "InteractionBroker._publish_request": {"executed_lines": [402, 406], "summary": {"covered_lines": 2, "num_statements": 2, "percent_covered": 100.0, "percent_covered_display": "100", "missing_lines": 0, "excluded_lines": 0, "percent_statements_covered": 100.0, "percent_statements_covered_display": "100"}, "missing_lines": [], "excluded_lines": [], "start_line": 401}, "InteractionBroker._working_directory": {"executed_lines": [410, 411, 412], "summary": {"covered_lines": 3, "num_statements": 3, "percent_covered": 100.0, "percent_covered_display": "100", "missing_lines": 0, "excluded_lines": 0, "percent_statements_covered": 100.0, "percent_statements_covered_display": "100"}, "missing_lines": [], "excluded_lines": [], "start_line": 409}, "InteractionBroker._release_for": {"executed_lines": [425, 426, 428, 429, 430, 431, 441, 442, 443, 444, 454], "summary": {"covered_lines": 11, "num_statements": 12, "percent_covered": 91.66666666666667, "percent_covered_display": "92", "missing_lines": 1, "excluded_lines": 0, "percent_statements_covered": 91.66666666666667, "percent_statements_covered_display": "92"}, "missing_lines": [427], "excluded_lines": [], "start_line": 414}, "InteractionBroker._find_answer_command": {"executed_lines": [458, 459, 464, 465], "summary": {"covered_lines": 4, "num_statements": 4, "percent_covered": 100.0, "percent_covered_display": "100", "missing_lines": 0, "excluded_lines": 0, "percent_statements_covered": 100.0, "percent_statements_covered_display": "100"}, "missing_lines": [], "excluded_lines": [], "start_line": 457}, "InteractionBroker._validate_create_and_allow": {"executed_lines": [474, 479, 480, 481, 482, 483, 490, 495], "summary": {"covered_lines": 8, "num_statements": 11, "percent_covered": 72.72727272727273, "percent_covered_display": "73", "missing_lines": 3, "excluded_lines": 0, "percent_statements_covered": 72.72727272727273, "percent_statements_covered_display": "73"}, "missing_lines": [475, 491, 496], "excluded_lines": [], "start_line": 468}, "": {"executed_lines": [7, 9, 10, 11, 12, 13, 15, 16, 17, 18, 24, 31, 32, 42, 49, 52, 63, 66, 77, 136, 173, 261, 306, 344, 386, 401, 408, 409, 414, 456, 457, 467, 468], "summary": {"covered_lines": 33, "num_statements": 33, "percent_covered": 100.0, "percent_covered_display": "100", "missing_lines": 0, "excluded_lines": 0, "percent_statements_covered": 100.0, "percent_statements_covered_display": "100"}, "missing_lines": [], "excluded_lines": [], "start_line": 1}}, "classes": {"InteractionBroker": {"executed_lines": [73, 74, 75, 87, 88, 89, 90, 96, 99, 100, 101, 102, 103, 104, 105, 106, 108, 112, 123, 124, 125, 126, 127, 128, 129, 144, 145, 147, 153, 160, 161, 162, 163, 184, 185, 188, 189, 190, 191, 192, 193, 194, 196, 197, 202, 203, 209, 211, 216, 222, 232, 233, 234, 246, 249, 250, 251, 253, 269, 270, 271, 272, 273, 274, 275, 276, 281, 283, 284, 297, 298, 301, 308, 309, 310, 311, 312, 313, 315, 316, 324, 325, 326, 327, 328, 329, 330, 335, 336, 352, 353, 354, 356, 359, 360, 373, 374, 375, 376, 377, 393, 397, 398, 399, 402, 406, 410, 411, 412, 425, 426, 428, 429, 430, 431, 441, 442, 443, 444, 454, 458, 459, 464, 465, 474, 479, 480, 481, 482, 483, 490, 495], "summary": {"covered_lines": 132, "num_statements": 158, "percent_covered": 83.54430379746836, "percent_covered_display": "84", "missing_lines": 26, "excluded_lines": 0, "percent_statements_covered": 83.54430379746836, "percent_statements_covered_display": "84"}, "missing_lines": [94, 95, 146, 186, 198, 207, 208, 223, 224, 225, 226, 227, 252, 282, 314, 317, 318, 334, 337, 338, 355, 357, 427, 475, 491, 496], "excluded_lines": [], "start_line": 63}, "": {"executed_lines": [7, 9, 10, 11, 12, 13, 15, 16, 17, 18, 24, 31, 32, 42, 49, 52, 53, 63, 66, 77, 136, 173, 261, 306, 344, 386, 401, 408, 409, 414, 456, 457, 467, 468], "summary": {"covered_lines": 34, "num_statements": 34, "percent_covered": 100.0, "percent_covered_display": "100", "missing_lines": 0, "excluded_lines": 0, "percent_statements_covered": 100.0, "percent_statements_covered_display": "100"}, "missing_lines": [], "excluded_lines": [], "start_line": 1}}}, "src/talktoharnesses/application/observability.py": {"executed_lines": [9, 11, 12, 13, 14, 15, 17, 18, 19, 20, 22, 32, 50, 54, 55, 56, 57, 58, 59, 60, 61, 62, 64, 80, 81, 82, 83, 84, 85, 86, 87, 88, 89, 90, 91, 93, 112, 113, 114, 115, 116, 117, 118, 119, 120, 121, 123, 124, 125, 126, 127, 128, 130, 141, 142, 143, 144, 145, 146, 147, 149, 152, 153, 156, 157, 160, 161, 164, 182, 184, 185, 187, 201, 202, 203, 204, 205, 206, 209, 212, 213, 214, 215, 216, 221, 226, 231, 236, 241, 246, 251, 256, 261, 266, 271, 276, 281, 286, 291, 296, 301, 303, 304, 305, 312, 313, 318, 320, 321, 323, 324, 326, 327, 344, 346, 360, 361, 363, 365, 366, 367, 369, 376, 381, 383, 391, 397, 399, 400, 402, 405, 408, 409, 411, 417, 422, 425, 428, 431, 434, 444, 450, 451, 453, 456, 459, 462, 465, 472, 473, 474, 476, 477, 480, 481, 482, 483, 485, 487, 488, 489, 490, 491, 492, 496, 500, 505, 506, 509, 512, 513, 514, 515, 516, 519, 522, 523], "summary": {"covered_lines": 177, "num_statements": 203, "percent_covered": 87.19211822660098, "percent_covered_display": "87", "missing_lines": 26, "excluded_lines": 4, "percent_statements_covered": 87.19211822660098, "percent_statements_covered_display": "87"}, "missing_lines": [186, 314, 315, 316, 322, 345, 403, 406, 423, 426, 429, 432, 441, 442, 454, 457, 460, 463, 475, 484, 486, 497, 498, 499, 501, 502], "excluded_lines": [44, 45, 47, 48], "functions": {"get_tracer": {"executed_lines": [153], "summary": {"covered_lines": 1, "num_statements": 1, "percent_covered": 100.0, "percent_covered_display": "100", "missing_lines": 0, "excluded_lines": 0, "percent_statements_covered": 100.0, "percent_statements_covered_display": "100"}, "missing_lines": [], "excluded_lines": [], "start_line": 152}, "get_meter": {"executed_lines": [157], "summary": {"covered_lines": 1, "num_statements": 1, "percent_covered": 100.0, "percent_covered_display": "100", "missing_lines": 0, "excluded_lines": 0, "percent_statements_covered": 100.0, "percent_statements_covered_display": "100"}, "missing_lines": [], "excluded_lines": [], "start_line": 156}, "_enum_value": {"executed_lines": [161], "summary": {"covered_lines": 1, "num_statements": 1, "percent_covered": 100.0, "percent_covered_display": "100", "missing_lines": 0, "excluded_lines": 0, "percent_statements_covered": 100.0, "percent_statements_covered_display": "100"}, "missing_lines": [], "excluded_lines": [], "start_line": 160}, "_build_attributes": {"executed_lines": [184, 185, 187, 201, 202, 203, 204, 205, 206], "summary": {"covered_lines": 9, "num_statements": 10, "percent_covered": 90.0, "percent_covered_display": "90", "missing_lines": 1, "excluded_lines": 0, "percent_statements_covered": 90.0, "percent_statements_covered_display": "90"}, "missing_lines": [186], "excluded_lines": [], "start_line": 182}, "Observability.__init__": {"executed_lines": [213, 214, 215, 216, 221, 226, 231, 236, 241, 246, 251, 256, 261, 266, 271, 276, 281, 286, 291, 296, 301], "summary": {"covered_lines": 21, "num_statements": 21, "percent_covered": 100.0, "percent_covered_display": "100", "missing_lines": 0, "excluded_lines": 0, "percent_statements_covered": 100.0, "percent_statements_covered_display": "100"}, "missing_lines": [], "excluded_lines": [], "start_line": 212}, "Observability._register_gauges": {"executed_lines": [304, 305], "summary": {"covered_lines": 2, "num_statements": 2, "percent_covered": 100.0, "percent_covered_display": "100", "missing_lines": 0, "excluded_lines": 0, "percent_statements_covered": 100.0, "percent_statements_covered_display": "100"}, "missing_lines": [], "excluded_lines": [], "start_line": 303}, "Observability._gauge_callback": {"executed_lines": [313, 318], "summary": {"covered_lines": 2, "num_statements": 2, "percent_covered": 100.0, "percent_covered_display": "100", "missing_lines": 0, "excluded_lines": 0, "percent_statements_covered": 100.0, "percent_statements_covered_display": "100"}, "missing_lines": [], "excluded_lines": [], "start_line": 312}, "Observability._gauge_callback._callback": {"executed_lines": [], "summary": {"covered_lines": 0, "num_statements": 3, "percent_covered": 0.0, "percent_covered_display": "0", "missing_lines": 3, "excluded_lines": 0, "percent_statements_covered": 0.0, "percent_statements_covered_display": "0"}, "missing_lines": [314, 315, 316], "excluded_lines": [], "start_line": 313}, "Observability.set_gauge_sample": {"executed_lines": [321, 323, 324], "summary": {"covered_lines": 3, "num_statements": 4, "percent_covered": 75.0, "percent_covered_display": "75", "missing_lines": 1, "excluded_lines": 0, "percent_statements_covered": 75.0, "percent_statements_covered_display": "75"}, "missing_lines": [322], "excluded_lines": [], "start_line": 320}, "Observability.start_span": {"executed_lines": [344, 346, 360, 361], "summary": {"covered_lines": 4, "num_statements": 5, "percent_covered": 80.0, "percent_covered_display": "80", "missing_lines": 1, "excluded_lines": 0, "percent_statements_covered": 80.0, "percent_statements_covered_display": "80"}, "missing_lines": [345], "excluded_lines": [], "start_line": 327}, "Observability.mark_span_error": {"executed_lines": [365, 366, 367], "summary": {"covered_lines": 3, "num_statements": 3, "percent_covered": 100.0, "percent_covered_display": "100", "missing_lines": 0, "excluded_lines": 0, "percent_statements_covered": 100.0, "percent_statements_covered_display": "100"}, "missing_lines": [], "excluded_lines": [], "start_line": 363}, "Observability.record_command": {"executed_lines": [376, 381], "summary": {"covered_lines": 2, "num_statements": 2, "percent_covered": 100.0, "percent_covered_display": "100", "missing_lines": 0, "excluded_lines": 0, "percent_statements_covered": 100.0, "percent_statements_covered_display": "100"}, "missing_lines": [], "excluded_lines": [], "start_line": 369}, "Observability.record_recovery": {"executed_lines": [391, 397], "summary": {"covered_lines": 2, "num_statements": 2, "percent_covered": 100.0, "percent_covered_display": "100", "missing_lines": 0, "excluded_lines": 0, "percent_statements_covered": 100.0, "percent_statements_covered_display": "100"}, "missing_lines": [], "excluded_lines": [], "start_line": 383}, "Observability.record_process_exit": {"executed_lines": [400], "summary": {"covered_lines": 1, "num_statements": 1, "percent_covered": 100.0, "percent_covered_display": "100", "missing_lines": 0, "excluded_lines": 0, "percent_statements_covered": 100.0, "percent_statements_covered_display": "100"}, "missing_lines": [], "excluded_lines": [], "start_line": 399}, "Observability.record_stderr_truncation": {"executed_lines": [], "summary": {"covered_lines": 0, "num_statements": 1, "percent_covered": 0.0, "percent_covered_display": "0", "missing_lines": 1, "excluded_lines": 0, "percent_statements_covered": 0.0, "percent_statements_covered_display": "0"}, "missing_lines": [403], "excluded_lines": [], "start_line": 402}, "Observability.record_tool_terminal_outcome": {"executed_lines": [], "summary": {"covered_lines": 0, "num_statements": 1, "percent_covered": 0.0, "percent_covered_display": "0", "missing_lines": 1, "excluded_lines": 0, "percent_statements_covered": 0.0, "percent_statements_covered_display": "0"}, "missing_lines": [406], "excluded_lines": [], "start_line": 405}, "Observability.record_interaction_request": {"executed_lines": [409], "summary": {"covered_lines": 1, "num_statements": 1, "percent_covered": 100.0, "percent_covered_display": "100", "missing_lines": 0, "excluded_lines": 0, "percent_statements_covered": 100.0, "percent_statements_covered_display": "100"}, "missing_lines": [], "excluded_lines": [], "start_line": 408}, "Observability.record_interaction_resolution": {"executed_lines": [417], "summary": {"covered_lines": 1, "num_statements": 1, "percent_covered": 100.0, "percent_covered_display": "100", "missing_lines": 0, "excluded_lines": 0, "percent_statements_covered": 100.0, "percent_statements_covered_display": "100"}, "missing_lines": [], "excluded_lines": [], "start_line": 411}, "Observability.record_sse_reconnect": {"executed_lines": [], "summary": {"covered_lines": 0, "num_statements": 1, "percent_covered": 0.0, "percent_covered_display": "0", "missing_lines": 1, "excluded_lines": 0, "percent_statements_covered": 0.0, "percent_statements_covered_display": "0"}, "missing_lines": [423], "excluded_lines": [], "start_line": 422}, "Observability.record_usage_observation": {"executed_lines": [], "summary": {"covered_lines": 0, "num_statements": 1, "percent_covered": 0.0, "percent_covered_display": "0", "missing_lines": 1, "excluded_lines": 0, "percent_statements_covered": 0.0, "percent_statements_covered_display": "0"}, "missing_lines": [426], "excluded_lines": [], "start_line": 425}, "Observability.record_cost_observation": {"executed_lines": [], "summary": {"covered_lines": 0, "num_statements": 1, "percent_covered": 0.0, "percent_covered_display": "0", "missing_lines": 1, "excluded_lines": 0, "percent_statements_covered": 0.0, "percent_statements_covered_display": "0"}, "missing_lines": [429], "excluded_lines": [], "start_line": 428}, "Observability.record_command_queue_delay": {"executed_lines": [], "summary": {"covered_lines": 0, "num_statements": 1, "percent_covered": 0.0, "percent_covered_display": "0", "missing_lines": 1, "excluded_lines": 0, "percent_statements_covered": 0.0, "percent_statements_covered_display": "0"}, "missing_lines": [432], "excluded_lines": [], "start_line": 431}, "Observability.record_runtime_start_resume_duration": {"executed_lines": [], "summary": {"covered_lines": 0, "num_statements": 2, "percent_covered": 0.0, "percent_covered_display": "0", "missing_lines": 2, "excluded_lines": 0, "percent_statements_covered": 0.0, "percent_statements_covered_display": "0"}, "missing_lines": [441, 442], "excluded_lines": [], "start_line": 434}, "Observability.record_startup_recovery_duration": {"executed_lines": [450, 451], "summary": {"covered_lines": 2, "num_statements": 2, "percent_covered": 100.0, "percent_covered_display": "100", "missing_lines": 0, "excluded_lines": 0, "percent_statements_covered": 100.0, "percent_statements_covered_display": "100"}, "missing_lines": [], "excluded_lines": [], "start_line": 444}, "Observability.record_turn_duration": {"executed_lines": [], "summary": {"covered_lines": 0, "num_statements": 1, "percent_covered": 0.0, "percent_covered_display": "0", "missing_lines": 1, "excluded_lines": 0, "percent_statements_covered": 0.0, "percent_statements_covered_display": "0"}, "missing_lines": [454], "excluded_lines": [], "start_line": 453}, "Observability.record_interaction_wait_duration": {"executed_lines": [], "summary": {"covered_lines": 0, "num_statements": 1, "percent_covered": 0.0, "percent_covered_display": "0", "missing_lines": 1, "excluded_lines": 0, "percent_statements_covered": 0.0, "percent_statements_covered_display": "0"}, "missing_lines": [457], "excluded_lines": [], "start_line": 456}, "Observability.record_shutdown_duration": {"executed_lines": [], "summary": {"covered_lines": 0, "num_statements": 1, "percent_covered": 0.0, "percent_covered_display": "0", "missing_lines": 1, "excluded_lines": 0, "percent_statements_covered": 0.0, "percent_statements_covered_display": "0"}, "missing_lines": [460], "excluded_lines": [], "start_line": 459}, "Observability.record_token_cost": {"executed_lines": [], "summary": {"covered_lines": 0, "num_statements": 1, "percent_covered": 0.0, "percent_covered_display": "0", "missing_lines": 1, "excluded_lines": 0, "percent_statements_covered": 0.0, "percent_statements_covered_display": "0"}, "missing_lines": [463], "excluded_lines": [], "start_line": 462}, "Observability.observe_committed_events": {"executed_lines": [472, 473, 474, 476, 477, 480, 481, 482, 483, 485, 487, 488, 489, 490, 491, 492, 496, 500], "summary": {"covered_lines": 18, "num_statements": 26, "percent_covered": 69.23076923076923, "percent_covered_display": "69", "missing_lines": 8, "excluded_lines": 0, "percent_statements_covered": 69.23076923076923, "percent_statements_covered_display": "69"}, "missing_lines": [475, 484, 486, 497, 498, 499, 501, 502], "excluded_lines": [], "start_line": 465}, "get_observability": {"executed_lines": [512, 513, 514, 515, 516], "summary": {"covered_lines": 5, "num_statements": 5, "percent_covered": 100.0, "percent_covered_display": "100", "missing_lines": 0, "excluded_lines": 0, "percent_statements_covered": 100.0, "percent_statements_covered_display": "100"}, "missing_lines": [], "excluded_lines": [], "start_line": 509}, "reset_observability_for_tests": {"executed_lines": [522, 523], "summary": {"covered_lines": 2, "num_statements": 2, "percent_covered": 100.0, "percent_covered_display": "100", "missing_lines": 0, "excluded_lines": 0, "percent_statements_covered": 100.0, "percent_statements_covered_display": "100"}, "missing_lines": [], "excluded_lines": [], "start_line": 519}, "": {"executed_lines": [9, 11, 12, 13, 14, 15, 17, 18, 19, 20, 22, 32, 50, 54, 55, 56, 57, 58, 59, 60, 61, 62, 64, 80, 81, 82, 83, 84, 85, 86, 87, 88, 89, 90, 91, 93, 112, 113, 114, 115, 116, 117, 118, 119, 120, 121, 123, 124, 125, 126, 127, 128, 130, 141, 142, 143, 144, 145, 146, 147, 149, 152, 156, 160, 164, 182, 209, 212, 303, 312, 320, 326, 327, 363, 369, 383, 399, 402, 405, 408, 411, 422, 425, 428, 431, 434, 444, 453, 456, 459, 462, 465, 505, 506, 509, 519], "summary": {"covered_lines": 96, "num_statements": 96, "percent_covered": 100.0, "percent_covered_display": "100", "missing_lines": 0, "excluded_lines": 4, "percent_statements_covered": 100.0, "percent_statements_covered_display": "100"}, "missing_lines": [], "excluded_lines": [44, 45, 47, 48], "start_line": 1}}, "classes": {"Observability": {"executed_lines": [213, 214, 215, 216, 221, 226, 231, 236, 241, 246, 251, 256, 261, 266, 271, 276, 281, 286, 291, 296, 301, 304, 305, 313, 318, 321, 323, 324, 344, 346, 360, 361, 365, 366, 367, 376, 381, 391, 397, 400, 409, 417, 450, 451, 472, 473, 474, 476, 477, 480, 481, 482, 483, 485, 487, 488, 489, 490, 491, 492, 496, 500], "summary": {"covered_lines": 62, "num_statements": 87, "percent_covered": 71.26436781609195, "percent_covered_display": "71", "missing_lines": 25, "excluded_lines": 0, "percent_statements_covered": 71.26436781609195, "percent_statements_covered_display": "71"}, "missing_lines": [314, 315, 316, 322, 345, 403, 406, 423, 426, 429, 432, 441, 442, 454, 457, 460, 463, 475, 484, 486, 497, 498, 499, 501, 502], "excluded_lines": [], "start_line": 209}, "": {"executed_lines": [9, 11, 12, 13, 14, 15, 17, 18, 19, 20, 22, 32, 50, 54, 55, 56, 57, 58, 59, 60, 61, 62, 64, 80, 81, 82, 83, 84, 85, 86, 87, 88, 89, 90, 91, 93, 112, 113, 114, 115, 116, 117, 118, 119, 120, 121, 123, 124, 125, 126, 127, 128, 130, 141, 142, 143, 144, 145, 146, 147, 149, 152, 153, 156, 157, 160, 161, 164, 182, 184, 185, 187, 201, 202, 203, 204, 205, 206, 209, 212, 303, 312, 320, 326, 327, 363, 369, 383, 399, 402, 405, 408, 411, 422, 425, 428, 431, 434, 444, 453, 456, 459, 462, 465, 505, 506, 509, 512, 513, 514, 515, 516, 519, 522, 523], "summary": {"covered_lines": 115, "num_statements": 116, "percent_covered": 99.13793103448276, "percent_covered_display": "99", "missing_lines": 1, "excluded_lines": 4, "percent_statements_covered": 99.13793103448276, "percent_statements_covered_display": "99"}, "missing_lines": [186], "excluded_lines": [44, 45, 47, 48], "start_line": 1}}}, "src/talktoharnesses/application/persistence.py": {"executed_lines": [3, 5, 6, 7, 8, 9, 11, 12, 13, 40, 43, 44, 54, 55, 56, 57, 58, 59, 60, 61, 62, 63, 66, 67, 70, 71, 74, 75, 76, 77, 80, 81, 82, 83, 84, 85, 86, 89, 90, 91, 92, 93, 94, 95, 96, 97, 98, 99, 100, 101, 102, 103, 104, 107, 108, 109, 110, 113, 121, 125, 129, 133, 137, 147, 158, 168, 181, 195, 215, 225, 229, 233, 237, 248, 257, 266, 277, 301, 310, 326, 334, 344, 360, 389, 404, 412, 420, 428, 436, 440, 444, 448, 452, 456, 460, 470, 474, 480, 490, 506, 514, 531, 535, 558, 577, 581, 591, 600, 604, 608, 624, 641, 656, 669, 673, 683, 687, 698, 706, 710, 719, 730, 741, 751, 806, 817], "summary": {"covered_lines": 126, "num_statements": 126, "percent_covered": 100.0, "percent_covered_display": "100", "missing_lines": 0, "excluded_lines": 182, "percent_statements_covered": 100.0, "percent_statements_covered_display": "100"}, "missing_lines": [], "excluded_lines": [123, 124, 127, 128, 131, 132, 135, 136, 145, 146, 156, 157, 166, 167, 179, 180, 193, 194, 213, 214, 223, 224, 227, 228, 231, 232, 235, 236, 246, 247, 255, 256, 264, 265, 275, 276, 299, 300, 308, 309, 324, 325, 332, 333, 342, 343, 358, 359, 387, 388, 402, 403, 410, 411, 418, 419, 426, 427, 434, 435, 438, 439, 442, 443, 446, 447, 450, 451, 454, 455, 458, 459, 468, 469, 472, 473, 478, 479, 488, 489,
[...]
33, 858, 859, 860, 867, 868, 869, 879, 884, 885, 886, 892, 894, 904, 935, 942, 943, 960, 961, 962, 963, 964, 972, 978, 988, 989, 990, 991, 992, 993, 994, 995, 1007, 1017, 1027, 1028, 1029, 1031, 1032, 1033, 1040, 1041, 1042, 1043, 1044, 1045, 1053, 1067, 1071, 1072, 1081, 1082, 1102, 1112, 1113, 1114, 1115, 1122, 1143, 1144, 1146, 1152, 1154, 1159, 1160, 1161, 1162, 1167, 1168, 1169, 1177, 1213, 1231, 1232, 1247, 1248, 1249, 1250, 1251, 1252, 1256, 1257, 1270, 1274, 1275, 1276, 1280, 1281, 1282, 1286, 1287, 1288, 1292, 1296, 1303, 1304, 1305, 1311, 1312, 1313, 1319, 1320, 1324, 1325, 1326, 1327, 1328, 1329, 1338, 1339, 1340, 1353, 1354, 1367, 1368, 1369, 1370, 1371, 1377, 1378, 1379, 1380, 1383, 1384, 1422, 1426, 1430, 1431, 1432, 1433, 1448, 1450, 1451, 1452, 1453, 1454, 1463, 1465, 1466, 1468, 1470, 1471, 1472, 1480, 1481, 1485, 1486, 1487, 1488, 1489, 1490, 1500, 1501, 1502, 1504, 1505, 1506, 1508, 1516, 1517, 1518, 1520, 1529, 1536, 1537, 1539, 1540, 1542, 1543, 1551, 1552, 1558, 1563, 1564, 1567, 1568, 1569, 1577, 1584, 1585, 1586, 1589, 1590, 1591, 1597, 1598, 1602, 1603, 1604, 1605, 1606, 1608, 1609, 1614, 1617, 1618, 1619, 1621, 1630, 1632, 1633, 1637, 1641, 1642, 1644, 1645, 1649, 1650, 1651, 1653, 1657, 1658, 1660, 1661, 1665, 1666, 1667, 1668, 1669, 1678, 1680, 1682, 1683, 1688, 1693, 1694, 1698, 1699, 1700, 1713, 1718, 1719, 1720, 1721, 1722, 1723, 1724, 1725, 1726, 1740, 1741, 1745, 1746, 1748, 1751, 1752, 1753, 1755, 1756, 1757, 1758, 1759, 1760, 1762, 1773, 1775, 1776, 1777, 1778, 1779, 1780, 1781, 1782, 1783, 1784, 1785, 1786, 1787, 1788, 1789, 1790, 1794, 1795, 1796, 1799, 1800, 1801, 1805, 1806, 1807, 1808, 1812, 1813, 1814, 1815, 1816, 1817, 1818, 1819, 1823, 1824, 1825, 1826, 1827, 1828, 1833, 1835, 1836, 1837, 1839, 1840, 1841, 1842, 1847, 1848, 1850, 1851, 1852, 1854, 1855, 1860, 1863, 1867, 1868, 1869, 1871, 1872, 1873, 1880, 1881, 1886, 1887, 1889, 1893, 1894, 1895, 1896, 1900, 1901, 1903, 1905, 1906], "summary": {"covered_lines": 517, "num_statements": 597, "percent_covered": 86.59966499162479, "percent_covered_display": "87", "missing_lines": 80, "excluded_lines": 0, "percent_statements_covered": 86.59966499162479, "percent_statements_covered_display": "87"}, "missing_lines": [323, 382, 426, 470, 474, 480, 481, 560, 597, 627, 628, 709, 823, 845, 846, 861, 893, 905, 906, 907, 913, 914, 915, 925, 1030, 1034, 1046, 1047, 1049, 1145, 1147, 1188, 1189, 1196, 1201, 1202, 1211, 1306, 1333, 1334, 1335, 1336, 1399, 1400, 1406, 1407, 1408, 1449, 1455, 1456, 1464, 1467, 1503, 1507, 1521, 1522, 1523, 1530, 1592, 1620, 1631, 1638, 1639, 1652, 1679, 1705, 1736, 1737, 1738, 1739, 1747, 1774, 1797, 1864, 1865, 1870, 1875, 1876, 1902, 1904], "excluded_lines": [], "start_line": 132}, "": {"executed_lines": [3, 5, 6, 7, 8, 9, 10, 11, 12, 14, 15, 16, 17, 18, 19, 32, 38, 47, 48, 56, 57, 64, 65, 66, 67, 68, 70, 73, 74, 77, 78, 81, 82, 85, 89, 90, 91, 94, 95, 96, 97, 99, 105, 106, 109, 110, 111, 112, 115, 116, 117, 118, 119, 120, 121, 122, 123, 124, 125, 126, 127, 128, 129, 132, 138, 169, 176, 179, 204, 229, 249, 307, 491, 536, 582, 927, 948, 997, 1019, 1060, 1092, 1121, 1124, 1234, 1263, 1301, 1322, 1342, 1356, 1382, 1390, 1410, 1444, 1458, 1474, 1510, 1588, 1616, 1623, 1647, 1671, 1750, 1767, 1803, 1862], "summary": {"covered_lines": 105, "num_statements": 109, "percent_covered": 96.3302752293578, "percent_covered_display": "96", "missing_lines": 4, "excluded_lines": 0, "percent_statements_covered": 96.3302752293578, "percent_statements_covered_display": "96"}, "missing_lines": [98, 100, 101, 102], "excluded_lines": [], "start_line": 1}}}, "src/talktoharnesses/runtime/paths.py": {"executed_lines": [3, 5, 6, 7, 8, 9, 11, 12, 15, 17, 18, 19, 20, 25, 26, 31, 34, 36, 37, 38, 39, 45, 46, 52, 53, 59, 60, 63, 65, 66, 67, 68, 69, 70, 71, 72, 73, 79, 80, 83, 84, 85, 86, 91, 92, 103, 122, 124, 125, 132, 133, 139, 140, 147, 154, 155, 159, 160, 161, 162], "summary": {"covered_lines": 60, "num_statements": 78, "percent_covered": 76.92307692307692, "percent_covered_display": "77", "missing_lines": 18, "excluded_lines": 2, "percent_statements_covered": 76.92307692307692, "percent_statements_covered_display": "77"}, "missing_lines": [74, 75, 76, 81, 82, 105, 106, 108, 109, 110, 111, 112, 113, 114, 115, 117, 118, 119], "excluded_lines": [126, 127], "functions": {"resolve_directory": {"executed_lines": [17, 18, 19, 20, 25, 26, 31], "summary": {"covered_lines": 7, "num_statements": 7, "percent_covered": 100.0, "percent_covered_display": "100", "missing_lines": 0, "excluded_lines": 0, "percent_statements_covered": 100.0, "percent_statements_covered_display": "100"}, "missing_lines": [], "excluded_lines": [], "start_line": 15}, "resolve_executable": {"executed_lines": [36, 37, 38, 39, 45, 46, 52, 53, 59, 60], "summary": {"covered_lines": 10, "num_statements": 10, "percent_covered": 100.0, "percent_covered_display": "100", "missing_lines": 0, "excluded_lines": 0, "percent_statements_covered": 100.0, "percent_statements_covered_display": "100"}, "missing_lines": [], "excluded_lines": [], "start_line": 34}, "_effective_access": {"executed_lines": [65, 66, 67, 68, 69, 70, 71, 72, 73], "summary": {"covered_lines": 9, "num_statements": 12, "percent_covered": 75.0, "percent_covered_display": "75", "missing_lines": 3, "excluded_lines": 0, "percent_statements_covered": 75.0, "percent_statements_covered_display": "75"}, "missing_lines": [74, 75, 76], "excluded_lines": [], "start_line": 63}, "_check_ownership": {"executed_lines": [80, 83, 84, 85, 86, 91, 92], "summary": {"covered_lines": 7, "num_statements": 9, "percent_covered": 77.77777777777777, "percent_covered_display": "78", "missing_lines": 2, "excluded_lines": 0, "percent_statements_covered": 77.77777777777777, "percent_statements_covered_display": "78"}, "missing_lines": [81, 82], "excluded_lines": [], "start_line": 79}, "_windows_file_and_token_sids": {"executed_lines": [], "summary": {"covered_lines": 0, "num_statements": 13, "percent_covered": 0.0, "percent_covered_display": "0", "missing_lines": 13, "excluded_lines": 0, "percent_statements_covered": 0.0, "percent_statements_covered_display": "0"}, "missing_lines": [105, 106, 108, 109, 110, 111, 112, 113, 114, 115, 117, 118, 119], "excluded_lines": [], "start_line": 103}, "_check_ownership_windows": {"executed_lines": [124, 125, 132, 133, 139, 140], "summary": {"covered_lines": 6, "num_statements": 6, "percent_covered": 100.0, "percent_covered_display": "100", "missing_lines": 0, "excluded_lines": 2, "percent_statements_covered": 100.0, "percent_statements_covered_display": "100"}, "missing_lines": [], "excluded_lines": [126, 127], "start_line": 122}, "resolve_launch_paths": {"executed_lines": [154, 155, 159, 160, 161, 162], "summary": {"covered_lines": 6, "num_statements": 6, "percent_covered": 100.0, "percent_covered_display": "100", "missing_lines": 0, "excluded_lines": 0, "percent_statements_covered": 100.0, "percent_statements_covered_display": "100"}, "missing_lines": [], "excluded_lines": [], "start_line": 147}, "": {"executed_lines": [3, 5, 6, 7, 8, 9, 11, 12, 15, 34, 63, 79, 103, 122, 147], "summary": {"covered_lines": 15, "num_statements": 15, "percent_covered": 100.0, "percent_covered_display": "100", "missing_lines": 0, "excluded_lines": 0, "percent_statements_covered": 100.0, "percent_statements_covered_display": "100"}, "missing_lines": [], "excluded_lines": [], "start_line": 1}}, "classes": {"": {"executed_lines": [3, 5, 6, 7, 8, 9, 11, 12, 15, 17, 18, 19, 20, 25, 26, 31, 34, 36, 37, 38, 39, 45, 46, 52, 53, 59, 60, 63, 65, 66, 67, 68, 69, 70, 71, 72, 73, 79, 80, 83, 84, 85, 86, 91, 92, 103, 122, 124, 125, 132, 133, 139, 140, 147, 154, 155, 159, 160, 161, 162], "summary": {"covered_lines": 60, "num_statements": 78, "percent_covered": 76.92307692307692, "percent_covered_display": "77", "missing_lines": 18, "excluded_lines": 2, "percent_statements_covered": 76.92307692307692, "percent_statements_covered_display": "77"}, "missing_lines": [74, 75, 76, 81, 82, 105, 106, 108, 109, 110, 111, 112, 113, 114, 115, 117, 118, 119], "excluded_lines": [126, 127], "start_line": 1}}}, "src/talktoharnesses/runtime/policy.py": {"executed_lines": [3, 5, 7, 10, 13, 15, 16, 17, 18, 19, 20, 21, 22, 23, 24, 26], "summary": {"covered_lines": 16, "num_statements": 16, "percent_covered": 100.0, "percent_covered_display": "100", "missing_lines": 0, "excluded_lines": 0, "percent_statements_covered": 100.0, "percent_statements_covered_display": "100"}, "missing_lines": [], "excluded_lines": [], "functions": {"": {"executed_lines": [3, 5, 7, 10, 13, 15, 16, 17, 18, 19, 20, 21, 22, 23, 24, 26], "summary": {"covered_lines": 16, "num_statements": 16, "percent_covered": 100.0, "percent_covered_display": "100", "missing_lines": 0, "excluded_lines": 0, "percent_statements_covered": 100.0, "percent_statements_covered_display": "100"}, "missing_lines": [], "excluded_lines": [], "start_line": 1}}, "classes": {"RuntimePolicy": {"executed_lines": [], "summary": {"covered_lines": 0, "num_statements": 0, "percent_covered": 100.0, "percent_covered_display": "100", "missing_lines": 0, "excluded_lines": 0, "percent_statements_covered": 100.0, "percent_statements_covered_display": "100"}, "missing_lines": [], "excluded_lines": [], "start_line": 10}, "": {"executed_lines": [3, 5, 7, 10, 13, 15, 16, 17, 18, 19, 20, 21, 22, 23, 24, 26], "summary": {"covered_lines": 16, "num_statements": 16, "percent_covered": 100.0, "percent_covered_display": "100", "missing_lines": 0, "excluded_lines": 0, "percent_statements_covered": 100.0, "percent_statements_covered_display": "100"}, "missing_lines": [], "excluded_lines": [], "start_line": 1}}}, "src/talktoharnesses/runtime/spec.py": {"executed_lines": [3, 5, 7, 9, 10, 13, 20, 22, 23, 24, 25, 26], "summary": {"covered_lines": 12, "num_statements": 12, "percent_covered": 100.0, "percent_covered_display": "100", "missing_lines": 0, "excluded_lines": 0, "percent_statements_covered": 100.0, "percent_statements_covered_display": "100"}, "missing_lines": [], "excluded_lines": [], "functions": {"": {"executed_lines": [3, 5, 7, 9, 10, 13, 20, 22, 23, 24, 25, 26], "summary": {"covered_lines": 12, "num_statements": 12, "percent_covered": 100.0, "percent_covered_display": "100", "missing_lines": 0, "excluded_lines": 0, "percent_statements_covered": 100.0, "percent_statements_covered_display": "100"}, "missing_lines": [], "excluded_lines": [], "start_line": 1}}, "classes": {"ProcessSpec": {"executed_lines": [], "summary": {"covered_lines": 0, "num_statements": 0, "percent_covered": 100.0, "percent_covered_display": "100", "missing_lines": 0, "excluded_lines": 0, "percent_statements_covered": 100.0, "percent_statements_covered_display": "100"}, "missing_lines": [], "excluded_lines": [], "start_line": 13}, "": {"executed_lines": [3, 5, 7, 9, 10, 13, 20, 22, 23, 24, 25, 26], "summary": {"covered_lines": 12, "num_statements": 12, "percent_covered": 100.0, "percent_covered_display": "100", "missing_lines": 0, "excluded_lines": 0, "percent_statements_covered": 100.0, "percent_statements_covered_display": "100"}, "missing_lines": [], "excluded_lines": [], "start_line": 1}}}, "src/talktoharnesses/runtime/supervisor.py": {"executed_lines": [3, 5, 6, 7, 8, 9, 10, 11, 13, 14, 15, 16, 17, 18, 19, 20, 21, 24, 27, 33, 34, 35, 37, 49, 54, 65, 73, 74, 79, 81, 83, 84, 88, 89, 91, 94, 96, 100, 101, 105, 106, 107, 116, 125, 129, 133, 134, 136, 140, 141, 146, 151, 152, 156, 157, 158, 159, 161, 165, 166, 167, 168, 170, 172, 181, 183, 194, 196, 203, 206, 215, 216, 217, 218, 220, 221, 222, 223, 224, 227, 228, 230, 231, 232, 233, 234, 235, 236], "summary": {"covered_lines": 88, "num_statements": 105, "percent_covered": 83.80952380952381, "percent_covered_display": "84", "missing_lines": 17, "excluded_lines": 0, "percent_statements_covered": 83.80952380952381, "percent_statements_covered_display": "84"}, "missing_lines": [75, 112, 113, 114, 142, 143, 144, 145, 147, 149, 150, 153, 154, 171, 225, 237, 238], "excluded_lines": [], "functions": {"ProcessSupervisor.__init__": {"executed_lines": [33, 34, 35], "summary": {"covered_lines": 3, "num_statements": 3, "percent_covered": 100.0, "percent_covered_display": "100", "missing_lines": 0, "excluded_lines": 0, "percent_statements_covered": 100.0, "percent_statements_covered_display": "100"}, "missing_lines": [], "excluded_lines": [], "start_line": 27}, "ProcessSupervisor.build_launch_snapshot": {"executed_lines": [49, 54], "summary": {"covered_lines": 2, "num_statements": 2, "percent_covered": 100.0, "percent_covered_display": "100", "missing_lines": 0, "excluded_lines": 0, "percent_statements_covered": 100.0, "percent_statements_covered_display": "100"}, "missing_lines": [], "excluded_lines": [], "start_line": 37}, "ProcessSupervisor.spawn": {"executed_lines": [73, 74, 79, 81, 83, 84, 88, 89, 91, 94, 96, 100, 101, 105, 106, 107, 116], "summary": {"covered_lines": 17, "num_statements": 21, "percent_covered": 80.95238095238095, "percent_covered_display": "81", "missing_lines": 4, "excluded_lines": 0, "percent_statements_covered": 80.95238095238095, "percent_statements_covered_display": "81"}, "missing_lines": [75, 112, 113, 114], "excluded_lines": [], "start_line": 65}, "ProcessSupervisor._schedule_late_cleanup": {"executed_lines": [129, 133, 134], "summary": {"covered_lines": 3, "num_statements": 3, "percent_covered": 100.0, "percent_covered_display": "100", "missing_lines": 0, "excluded_lines": 0, "percent_statements_covered": 100.0, "percent_statements_covered_display": "100"}, "missing_lines": [], "excluded_lines": [], "start_line": 125}, "ProcessSupervisor._cleanup_late_creation": {"executed_lines": [140, 141, 146, 151, 152, 156, 157, 158, 159], "summary": {"covered_lines": 9, "num_statements": 18, "percent_covered": 50.0, "percent_covered_display": "50", "missing_lines": 9, "excluded_lines": 0, "percent_statements_covered": 50.0, "percent_statements_covered_display": "50"}, "missing_lines": [142, 143, 144, 145, 147, 149, 150, 153, 154], "excluded_lines": [], "start_line": 136}, "ProcessSupervisor._create_process": {"executed_lines": [165, 166, 167, 168, 170, 172, 181], "summary": {"covered_lines": 7, "num_statements": 8, "percent_covered": 87.5, "percent_covered_display": "88", "missing_lines": 1, "excluded_lines": 0, "percent_statements_covered": 87.5, "percent_statements_covered_display": "88"}, "missing_lines": [171], "excluded_lines": [], "start_line": 161}, "ProcessSupervisor._create_process_windows": {"executed_lines": [194, 196, 203, 206, 215, 216, 217, 218, 220, 221, 222, 223, 224, 227, 228, 230, 231, 232, 233, 234, 235, 236], "summary": {"covered_lines": 22, "num_statements": 25, "percent_covered": 88.0, "percent_covered_display": "88", "missing_lines": 3, "excluded_lines": 0, "percent_statements_covered": 88.0, "percent_statements_covered_display": "88"}, "missing_lines": [225, 237, 238], "excluded_lines": [], "start_line": 183}, "": {"executed_lines": [3, 5, 6, 7, 8, 9, 10, 11, 13, 14, 15, 16, 17, 18, 19, 20, 21, 24, 27, 37, 65, 125, 136, 161, 183], "summary": {"covered_lines": 25, "num_statements": 25, "percent_covered": 100.0, "percent_covered_display": "100", "missing_lines": 0, "excluded_lines": 0, "percent_statements_covered": 100.0, "percent_statements_covered_display": "100"}, "missing_lines": [], "excluded_lines": [], "start_line": 1}}, "classes": {"ProcessSupervisor": {"executed_lines": [33, 34, 35, 49, 54, 73, 74, 79, 81, 83, 84, 88, 89, 91, 94, 96, 100, 101, 105, 106, 107, 116, 129, 133, 134, 140, 141, 146, 151, 152, 156, 157, 158, 159, 165, 166, 167, 168, 170, 172, 181, 194, 196, 203, 206, 215, 216, 217, 218, 220, 221, 222, 223, 224, 227, 228, 230, 231, 232, 233, 234, 235, 236], "summary": {"covered_lines": 63, "num_statements": 80, "percent_covered": 78.75, "percent_covered_display": "79", "missing_lines": 17, "excluded_lines": 0, "percent_statements_covered": 78.75, "percent_statements_covered_display": "79"}, "missing_lines": [75, 112, 113, 114, 142, 143, 144, 145, 147, 149, 150, 153, 154, 171, 225, 237, 238], "excluded_lines": [], "start_line": 24}, "": {"executed_lines": [3, 5, 6, 7, 8, 9, 10, 11, 13, 14, 15, 16, 17, 18, 19, 20, 21, 24, 27, 37, 65, 125, 136, 161, 183], "summary": {"covered_lines": 25, "num_statements": 25, "percent_covered": 100.0, "percent_covered_display": "100", "missing_lines": 0, "excluded_lines": 0, "percent_statements_covered": 100.0, "percent_statements_covered_display": "100"}, "missing_lines": [], "excluded_lines": [], "start_line": 1}}}, "src/talktoharnesses/runtime/windows_job.py": {"executed_lines": [3, 5, 6, 7, 8, 11, 14, 20, 21, 23, 24, 28, 29, 35, 36, 39, 43, 45, 48, 53, 54, 55, 58, 61, 63, 64, 67, 70, 72, 73], "summary": {"covered_lines": 30, "num_statements": 30, "percent_covered": 100.0, "percent_covered_display": "100", "missing_lines": 0, "excluded_lines": 13, "percent_statements_covered": 100.0, "percent_statements_covered_display": "100"}, "missing_lines": [], "excluded_lines": [16, 17, 18, 40, 41, 42, 50, 51, 52, 59, 60, 68, 69], "functions": {"create_kill_on_close_job": {"executed_lines": [20, 21, 23, 24, 28, 29, 35, 36], "summary": {"covered_lines": 8, "num_statements": 8, "percent_covered": 100.0, "percent_covered_display": "100", "missing_lines": 0, "excluded_lines": 3, "percent_statements_covered": 100.0, "percent_statements_covered_display": "100"}, "missing_lines": [], "excluded_lines": [16, 17, 18], "start_line": 14}, "assign_process_to_job": {"executed_lines": [43, 45], "summary": {"covered_lines": 2, "num_statements": 2, "percent_covered": 100.0, "percent_covered_display": "100", "missing_lines": 0, "excluded_lines": 3, "percent_statements_covered": 100.0, "percent_statements_covered_display": "100"}, "missing_lines": [], "excluded_lines": [40, 41, 42], "start_line": 39}, "resume_process": {"executed_lines": [53, 54, 55], "summary": {"covered_lines": 3, "num_statements": 3, "percent_covered": 100.0, "percent_covered_display": "100", "missing_lines": 0, "excluded_lines": 3, "percent_statements_covered": 100.0, "percent_statements_covered_display": "100"}, "missing_lines": [], "excluded_lines": [50, 51, 52], "start_line": 48}, "terminate_job": {"executed_lines": [61, 63, 64], "summary": {"covered_lines": 3, "num_statements": 3, "percent_covered": 100.0, "percent_covered_display": "100", "missing_lines": 0, "excluded_lines": 2, "percent_statements_covered": 100.0, "percent_statements_covered_display": "100"}, "missing_lines": [], "excluded_lines": [59, 60], "start_line": 58}, "close_job": {"executed_lines": [70, 72, 73], "summary": {"covered_lines": 3, "num_statements": 3, "percent_covered": 100.0, "percent_covered_display": "100", "missing_lines": 0, "excluded_lines": 2, "percent_statements_covered": 100.0, "percent_statements_covered_display": "100"}, "missing_lines": [], "excluded_lines": [68, 69], "start_line": 67}, "": {"executed_lines": [3, 5, 6, 7, 8, 11, 14, 39, 48, 58, 67], "summary": {"covered_lines": 11, "num_statements": 11, "percent_covered": 100.0, "percent_covered_display": "100", "missing_lines": 0, "excluded_lines": 0, "percent_statements_covered": 100.0, "percent_statements_covered_display": "100"}, "missing_lines": [], "excluded_lines": [], "start_line": 1}}, "classes": {"": {"executed_lines": [3, 5, 6, 7, 8, 11, 14, 20, 21, 23, 24, 28, 29, 35, 36, 39, 43, 45, 48, 53, 54, 55, 58, 61, 63, 64, 67, 70, 72, 73], "summary": {"covered_lines": 30, "num_statements": 30, "percent_covered": 100.0, "percent_covered_display": "100", "missing_lines": 0, "excluded_lines": 13, "percent_statements_covered": 100.0, "percent_statements_covered_display": "100"}, "missing_lines": [], "excluded_lines": [16, 17, 18, 40, 41, 42, 50, 51, 52, 59, 60, 68, 69], "start_line": 1}}}}, "totals": {"covered_lines": 11862, "num_statements": 13066, "percent_covered": 90.78524414510944, "percent_covered_display": "91", "missing_lines": 1204, "excluded_lines": 278, "percent_statements_covered": 90.78524414510944, "percent_statements_covered_display": "91"}}